{"/home/travis/build/npmtest/node-npmtest-node.io/test.js":{"path":"/home/travis/build/npmtest/node-npmtest-node.io/test.js","s":{"1":2,"2":2,"3":2,"4":2,"5":2,"6":2,"7":2,"8":1,"9":2,"10":2,"11":1,"12":1,"13":1,"14":1,"15":2,"16":2,"17":2,"18":2,"19":1,"20":1,"21":2,"22":2,"23":2,"24":1,"25":1,"26":1,"27":1,"28":1,"29":1,"30":1,"31":1,"32":1,"33":1,"34":1,"35":1,"36":1,"37":1,"38":1,"39":2,"40":2,"41":1,"42":2,"43":2,"44":1,"45":2,"46":2,"47":1,"48":2,"49":2,"50":1,"51":1,"52":1,"53":1,"54":1},"b":{"1":[2,1,1,1],"2":[1,1,1,1],"3":[1,1],"4":[1,1],"5":[1,1],"6":[1,1],"7":[1,1],"8":[1,1],"9":[1,1],"10":[1,1,1],"11":[1,1],"12":[1,1],"13":[1,1],"14":[1,1],"15":[1,1],"16":[1,1],"17":[1,1]},"f":{"1":2,"2":2,"3":2,"4":2,"5":2,"6":1,"7":1,"8":1,"9":2,"10":2,"11":2,"12":2,"13":1},"fnMap":{"1":{"name":"(anonymous_1)","line":12,"loc":{"start":{"line":12,"column":1},"end":{"line":12,"column":13}}},"2":{"name":"(anonymous_2)","line":19,"loc":{"start":{"line":19,"column":5},"end":{"line":19,"column":17}}},"3":{"name":"(anonymous_3)","line":23,"loc":{"start":{"line":23,"column":24},"end":{"line":23,"column":36}}},"4":{"name":"(anonymous_4)","line":61,"loc":{"start":{"line":61,"column":5},"end":{"line":61,"column":17}}},"5":{"name":"(anonymous_5)","line":82,"loc":{"start":{"line":82,"column":5},"end":{"line":82,"column":17}}},"6":{"name":"(anonymous_6)","line":91,"loc":{"start":{"line":91,"column":77},"end":{"line":94,"column":10}}},"7":{"name":"(anonymous_7)","line":112,"loc":{"start":{"line":112,"column":83},"end":{"line":115,"column":10}},"skip":true},"8":{"name":"(anonymous_8)","line":123,"loc":{"start":{"line":123,"column":77},"end":{"line":126,"column":10}},"skip":true},"9":{"name":"(anonymous_9)","line":139,"loc":{"start":{"line":139,"column":12},"end":{"line":139,"column":40}},"skip":true},"10":{"name":"(anonymous_10)","line":147,"loc":{"start":{"line":147,"column":77},"end":{"line":150,"column":10}},"skip":true},"11":{"name":"(anonymous_11)","line":158,"loc":{"start":{"line":158,"column":83},"end":{"line":161,"column":10}},"skip":true},"12":{"name":"(anonymous_12)","line":169,"loc":{"start":{"line":169,"column":79},"end":{"line":172,"column":10}},"skip":true},"13":{"name":"(anonymous_13)","line":180,"loc":{"start":{"line":180,"column":75},"end":{"line":183,"column":10}},"skip":true}},"statementMap":{"1":{"start":{"line":12,"column":0},"end":{"line":195,"column":5}},"2":{"start":{"line":14,"column":4},"end":{"line":14,"column":14}},"3":{"start":{"line":19,"column":4},"end":{"line":56,"column":9}},"4":{"start":{"line":21,"column":8},"end":{"line":21,"column":19}},"5":{"start":{"line":23,"column":8},"end":{"line":35,"column":13}},"6":{"start":{"line":24,"column":12},"end":{"line":34,"column":13}},"7":{"start":{"line":25,"column":16},"end":{"line":28,"column":30}},"8":{"start":{"line":30,"column":16},"end":{"line":33,"column":27}},"9":{"start":{"line":37,"column":8},"end":{"line":39,"column":21}},"10":{"start":{"line":40,"column":8},"end":{"line":53,"column":9}},"11":{"start":{"line":43,"column":12},"end":{"line":46,"column":14}},"12":{"start":{"line":47,"column":12},"end":{"line":47,"column":18}},"13":{"start":{"line":50,"column":12},"end":{"line":51,"column":33}},"14":{"start":{"line":52,"column":12},"end":{"line":52,"column":18}},"15":{"start":{"line":55,"column":8},"end":{"line":55,"column":35}},"16":{"start":{"line":61,"column":4},"end":{"line":63,"column":9}},"17":{"start":{"line":62,"column":8},"end":{"line":62,"column":15}},"18":{"start":{"line":64,"column":4},"end":{"line":77,"column":5}},"19":{"start":{"line":70,"column":8},"end":{"line":70,"column":14}},"20":{"start":{"line":76,"column":8},"end":{"line":76,"column":14}},"21":{"start":{"line":82,"column":4},"end":{"line":84,"column":9}},"22":{"start":{"line":83,"column":8},"end":{"line":83,"column":15}},"23":{"start":{"line":85,"column":4},"end":{"line":194,"column":5}},"24":{"start":{"line":91,"column":8},"end":{"line":99,"column":10}},"25":{"start":{"line":98,"column":12},"end":{"line":98,"column":35}},"26":{"start":{"line":102,"column":8},"end":{"line":104,"column":63}},"27":{"start":{"line":105,"column":8},"end":{"line":105,"column":14}},"28":{"start":{"line":112,"column":8},"end":{"line":121,"column":10},"skip":true},"29":{"start":{"line":119,"column":12},"end":{"line":119,"column":55},"skip":true},"30":{"start":{"line":120,"column":12},"end":{"line":120,"column":48},"skip":true},"31":{"start":{"line":123,"column":8},"end":{"line":136,"column":10},"skip":true},"32":{"start":{"line":130,"column":12},"end":{"line":130,"column":76},"skip":true},"33":{"start":{"line":131,"column":12},"end":{"line":131,"column":73},"skip":true},"34":{"start":{"line":132,"column":12},"end":{"line":132,"column":74},"skip":true},"35":{"start":{"line":133,"column":12},"end":{"line":133,"column":79},"skip":true},"36":{"start":{"line":134,"column":12},"end":{"line":134,"column":25},"skip":true},"37":{"start":{"line":135,"column":12},"end":{"line":135,"column":45},"skip":true},"38":{"start":{"line":138,"column":8},"end":{"line":145,"column":14},"skip":true},"39":{"start":{"line":143,"column":16},"end":{"line":143,"column":29},"skip":true},"40":{"start":{"line":144,"column":16},"end":{"line":144,"column":55},"skip":true},"41":{"start":{"line":147,"column":8},"end":{"line":156,"column":10},"skip":true},"42":{"start":{"line":154,"column":12},"end":{"line":154,"column":25},"skip":true},"43":{"start":{"line":155,"column":12},"end":{"line":155,"column":45},"skip":true},"44":{"start":{"line":158,"column":8},"end":{"line":167,"column":10},"skip":true},"45":{"start":{"line":165,"column":12},"end":{"line":165,"column":25},"skip":true},"46":{"start":{"line":166,"column":12},"end":{"line":166,"column":48},"skip":true},"47":{"start":{"line":169,"column":8},"end":{"line":178,"column":10},"skip":true},"48":{"start":{"line":176,"column":12},"end":{"line":176,"column":25},"skip":true},"49":{"start":{"line":177,"column":12},"end":{"line":177,"column":46},"skip":true},"50":{"start":{"line":180,"column":8},"end":{"line":189,"column":10},"skip":true},"51":{"start":{"line":187,"column":12},"end":{"line":187,"column":94},"skip":true},"52":{"start":{"line":188,"column":12},"end":{"line":188,"column":48},"skip":true},"53":{"start":{"line":192,"column":8},"end":{"line":192,"column":35},"skip":true},"54":{"start":{"line":193,"column":8},"end":{"line":193,"column":14},"skip":true}},"branchMap":{"1":{"line":25,"type":"binary-expr","locations":[{"start":{"line":25,"column":23},"end":{"line":25,"column":62}},{"start":{"line":26,"column":20},"end":{"line":26,"column":70}},{"start":{"line":27,"column":20},"end":{"line":27,"column":71}},{"start":{"line":28,"column":20},"end":{"line":28,"column":29}}]},"2":{"line":30,"type":"binary-expr","locations":[{"start":{"line":30,"column":23},"end":{"line":30,"column":37}},{"start":{"line":31,"column":20},"end":{"line":31,"column":61}},{"start":{"line":32,"column":20},"end":{"line":32,"column":70}},{"start":{"line":33,"column":20},"end":{"line":33,"column":26}}]},"3":{"line":37,"type":"cond-expr","locations":[{"start":{"line":38,"column":14},"end":{"line":38,"column":20}},{"start":{"line":39,"column":14},"end":{"line":39,"column":20}}]},"4":{"line":40,"type":"switch","locations":[{"start":{"line":42,"column":8},"end":{"line":47,"column":18}},{"start":{"line":49,"column":8},"end":{"line":52,"column":18}}]},"5":{"line":44,"type":"binary-expr","locations":[{"start":{"line":44,"column":16},"end":{"line":44,"column":44}},{"start":{"line":44,"column":48},"end":{"line":44,"column":66}}]},"6":{"line":50,"type":"binary-expr","locations":[{"start":{"line":50,"column":21},"end":{"line":50,"column":49}},{"start":{"line":50,"column":53},"end":{"line":50,"column":72}}]},"7":{"line":64,"type":"switch","locations":[{"start":{"line":69,"column":4},"end":{"line":70,"column":14}},{"start":{"line":75,"column":4},"end":{"line":76,"column":14}}]},"8":{"line":85,"type":"switch","locations":[{"start":{"line":90,"column":4},"end":{"line":105,"column":14}},{"start":{"line":111,"column":4},"end":{"line":193,"column":14},"skip":true}]},"9":{"line":91,"type":"binary-expr","locations":[{"start":{"line":91,"column":42},"end":{"line":91,"column":73}},{"start":{"line":91,"column":77},"end":{"line":99,"column":9}}]},"10":{"line":102,"type":"binary-expr","locations":[{"start":{"line":102,"column":18},"end":{"line":102,"column":32}},{"start":{"line":103,"column":12},"end":{"line":103,"column":53}},{"start":{"line":104,"column":12},"end":{"line":104,"column":61}}]},"11":{"line":112,"type":"binary-expr","locations":[{"start":{"line":112,"column":45},"end":{"line":112,"column":79},"skip":true},{"start":{"line":112,"column":83},"end":{"line":121,"column":9},"skip":true}]},"12":{"line":123,"type":"binary-expr","locations":[{"start":{"line":123,"column":42},"end":{"line":123,"column":73},"skip":true},{"start":{"line":123,"column":77},"end":{"line":136,"column":9},"skip":true}]},"13":{"line":138,"type":"binary-expr","locations":[{"start":{"line":138,"column":48},"end":{"line":138,"column":85},"skip":true},{"start":{"line":139,"column":12},"end":{"line":145,"column":13},"skip":true}]},"14":{"line":147,"type":"binary-expr","locations":[{"start":{"line":147,"column":42},"end":{"line":147,"column":73},"skip":true},{"start":{"line":147,"column":77},"end":{"line":156,"column":9},"skip":true}]},"15":{"line":158,"type":"binary-expr","locations":[{"start":{"line":158,"column":45},"end":{"line":158,"column":79},"skip":true},{"start":{"line":158,"column":83},"end":{"line":167,"column":9},"skip":true}]},"16":{"line":169,"type":"binary-expr","locations":[{"start":{"line":169,"column":43},"end":{"line":169,"column":75},"skip":true},{"start":{"line":169,"column":79},"end":{"line":178,"column":9},"skip":true}]},"17":{"line":180,"type":"binary-expr","locations":[{"start":{"line":180,"column":41},"end":{"line":180,"column":71},"skip":true},{"start":{"line":180,"column":75},"end":{"line":189,"column":9},"skip":true}]}},"code":["/* istanbul instrument in package npmtest_node_io */","/*jslint","    bitwise: true,","    browser: true,","    maxerr: 8,","    maxlen: 96,","    node: true,","    nomen: true,","    regexp: true,","    stupid: true","*/","(function () {","    'use strict';","    var local;","","","","    // run shared js-env code - pre-init","    (function () {","        // init local","        local = {};","        // init modeJs","        local.modeJs = (function () {","            try {","                return typeof navigator.userAgent === 'string' &&","                    typeof document.querySelector('body') === 'object' &&","                    typeof XMLHttpRequest.prototype.open === 'function' &&","                    'browser';","            } catch (errorCaughtBrowser) {","                return module.exports &&","                    typeof process.versions.node === 'string' &&","                    typeof require('http').createServer === 'function' &&","                    'node';","            }","        }());","        // init global","        local.global = local.modeJs === 'browser'","            ? window","            : global;","        switch (local.modeJs) {","        // re-init local from window.local","        case 'browser':","            local = local.global.utility2.objectSetDefault(","                local.global.utility2_rollup || local.global.local,","                local.global.utility2","            );","            break;","        // re-init local from example.js","        case 'node':","            local = (local.global.utility2_rollup || require('utility2'))","                .requireReadme();","            break;","        }","        // export local","        local.global.local = local;","    }());","","","","    // run shared js-env code - function","    (function () {","        return;","    }());","    switch (local.modeJs) {","","","","    // run browser js-env code - function","    case 'browser':","        break;","","","","    // run node js-env code - function","    case 'node':","        break;","    }","","","","    // run shared js-env code - post-init","    (function () {","        return;","    }());","    switch (local.modeJs) {","","","","    // run browser js-env code - post-init","    case 'browser':","        local.testCase_browser_nullCase = local.testCase_browser_nullCase || function (","            options,","            onError","        ) {","        /*","         * this function will test browsers's null-case handling-behavior-behavior","         */","            onError(null, options);","        };","","        // run tests","        local.nop(local.modeTest &&","            document.querySelector('#testRunButton1') &&","            document.querySelector('#testRunButton1').click());","        break;","","","","    // run node js-env code - post-init","    /* istanbul ignore next */","    case 'node':","        local.testCase_buildApidoc_default = local.testCase_buildApidoc_default || function (","            options,","            onError","        ) {","        /*","         * this function will test buildApidoc's default handling-behavior-behavior","         */","            options = { modulePathList: module.paths };","            local.buildApidoc(options, onError);","        };","","        local.testCase_buildApp_default = local.testCase_buildApp_default || function (","            options,","            onError","        ) {","        /*","         * this function will test buildApp's default handling-behavior-behavior","         */","            local.testCase_buildReadme_default(options, local.onErrorThrow);","            local.testCase_buildLib_default(options, local.onErrorThrow);","            local.testCase_buildTest_default(options, local.onErrorThrow);","            local.testCase_buildCustomOrg_default(options, local.onErrorThrow);","            options = [];","            local.buildApp(options, onError);","        };","","        local.testCase_buildCustomOrg_default = local.testCase_buildCustomOrg_default ||","            function (options, onError) {","            /*","             * this function will test buildCustomOrg's default handling-behavior","             */","                options = {};","                local.buildCustomOrg(options, onError);","            };","","        local.testCase_buildLib_default = local.testCase_buildLib_default || function (","            options,","            onError","        ) {","        /*","         * this function will test buildLib's default handling-behavior","         */","            options = {};","            local.buildLib(options, onError);","        };","","        local.testCase_buildReadme_default = local.testCase_buildReadme_default || function (","            options,","            onError","        ) {","        /*","         * this function will test buildReadme's default handling-behavior-behavior","         */","            options = {};","            local.buildReadme(options, onError);","        };","","        local.testCase_buildTest_default = local.testCase_buildTest_default || function (","            options,","            onError","        ) {","        /*","         * this function will test buildTest's default handling-behavior","         */","            options = {};","            local.buildTest(options, onError);","        };","","        local.testCase_webpage_default = local.testCase_webpage_default || function (","            options,","            onError","        ) {","        /*","         * this function will test webpage's default handling-behavior","         */","            options = { modeCoverageMerge: true, url: local.serverLocalHost + '?modeTest=1' };","            local.browserTest(options, onError);","        };","","        // run test-server","        local.testRunServer(local);","        break;","    }","}());",""],"l":{"12":2,"14":2,"19":2,"21":2,"23":2,"24":2,"25":2,"30":1,"37":2,"40":2,"43":1,"47":1,"50":1,"52":1,"55":2,"61":2,"62":2,"64":2,"70":1,"76":1,"82":2,"83":2,"85":2,"91":1,"98":1,"102":1,"105":1,"112":1,"119":1,"120":1,"123":1,"130":1,"131":1,"132":1,"133":1,"134":1,"135":1,"138":1,"143":2,"144":2,"147":1,"154":2,"155":2,"158":1,"165":2,"166":2,"169":1,"176":2,"177":2,"180":1,"187":1,"188":1,"192":1,"193":1}},"/home/travis/build/npmtest/node-npmtest-node.io/lib.npmtest_node.io.js":{"path":"/home/travis/build/npmtest/node-npmtest-node.io/lib.npmtest_node.io.js","s":{"1":2,"2":2,"3":2,"4":2,"5":2,"6":2,"7":2,"8":1,"9":2,"10":2,"11":2,"12":2,"13":1,"14":1,"15":1,"16":1},"b":{"1":[2,1,1,1],"2":[1,1,1,1],"3":[1,1],"4":[2,2],"5":[1,1]},"f":{"1":2,"2":2,"3":2},"fnMap":{"1":{"name":"(anonymous_1)","line":12,"loc":{"start":{"line":12,"column":1},"end":{"line":12,"column":13}}},"2":{"name":"(anonymous_2)","line":19,"loc":{"start":{"line":19,"column":5},"end":{"line":19,"column":17}}},"3":{"name":"(anonymous_3)","line":23,"loc":{"start":{"line":23,"column":24},"end":{"line":23,"column":36}}}},"statementMap":{"1":{"start":{"line":12,"column":0},"end":{"line":53,"column":5}},"2":{"start":{"line":14,"column":4},"end":{"line":14,"column":14}},"3":{"start":{"line":19,"column":4},"end":{"line":52,"column":9}},"4":{"start":{"line":21,"column":8},"end":{"line":21,"column":19}},"5":{"start":{"line":23,"column":8},"end":{"line":35,"column":13}},"6":{"start":{"line":24,"column":12},"end":{"line":34,"column":13}},"7":{"start":{"line":25,"column":16},"end":{"line":28,"column":30}},"8":{"start":{"line":30,"column":16},"end":{"line":33,"column":27}},"9":{"start":{"line":37,"column":8},"end":{"line":39,"column":21}},"10":{"start":{"line":41,"column":8},"end":{"line":41,"column":54}},"11":{"start":{"line":43,"column":8},"end":{"line":43,"column":52}},"12":{"start":{"line":45,"column":8},"end":{"line":51,"column":9}},"13":{"start":{"line":46,"column":12},"end":{"line":46,"column":58}},"14":{"start":{"line":48,"column":12},"end":{"line":48,"column":35}},"15":{"start":{"line":49,"column":12},"end":{"line":49,"column":49}},"16":{"start":{"line":50,"column":12},"end":{"line":50,"column":43}}},"branchMap":{"1":{"line":25,"type":"binary-expr","locations":[{"start":{"line":25,"column":23},"end":{"line":25,"column":62}},{"start":{"line":26,"column":20},"end":{"line":26,"column":70}},{"start":{"line":27,"column":20},"end":{"line":27,"column":71}},{"start":{"line":28,"column":20},"end":{"line":28,"column":29}}]},"2":{"line":30,"type":"binary-expr","locations":[{"start":{"line":30,"column":23},"end":{"line":30,"column":37}},{"start":{"line":31,"column":20},"end":{"line":31,"column":61}},{"start":{"line":32,"column":20},"end":{"line":32,"column":70}},{"start":{"line":33,"column":20},"end":{"line":33,"column":26}}]},"3":{"line":37,"type":"cond-expr","locations":[{"start":{"line":38,"column":14},"end":{"line":38,"column":20}},{"start":{"line":39,"column":14},"end":{"line":39,"column":20}}]},"4":{"line":41,"type":"binary-expr","locations":[{"start":{"line":41,"column":16},"end":{"line":41,"column":44}},{"start":{"line":41,"column":48},"end":{"line":41,"column":53}}]},"5":{"line":45,"type":"if","locations":[{"start":{"line":45,"column":8},"end":{"line":45,"column":8}},{"start":{"line":45,"column":8},"end":{"line":45,"column":8}}]}},"code":["/* istanbul instrument in package npmtest_node_io */","/*jslint","    bitwise: true,","    browser: true,","    maxerr: 8,","    maxlen: 96,","    node: true,","    nomen: true,","    regexp: true,","    stupid: true","*/","(function () {","    'use strict';","    var local;","","","","    // run shared js-env code - pre-init","    (function () {","        // init local","        local = {};","        // init modeJs","        local.modeJs = (function () {","            try {","                return typeof navigator.userAgent === 'string' &&","                    typeof document.querySelector('body') === 'object' &&","                    typeof XMLHttpRequest.prototype.open === 'function' &&","                    'browser';","            } catch (errorCaughtBrowser) {","                return module.exports &&","                    typeof process.versions.node === 'string' &&","                    typeof require('http').createServer === 'function' &&","                    'node';","            }","        }());","        // init global","        local.global = local.modeJs === 'browser'","            ? window","            : global;","        // init utility2_rollup","        local = local.global.utility2_rollup || local;","        // init lib","        local.local = local.npmtest_node_io = local;","        // init exports","        if (local.modeJs === 'browser') {","            local.global.utility2_npmtest_node_io = local;","        } else {","            module.exports = local;","            module.exports.__dirname = __dirname;","            module.exports.module = module;","        }","    }());","}());",""],"l":{"12":2,"14":2,"19":2,"21":2,"23":2,"24":2,"25":2,"30":1,"37":2,"41":2,"43":2,"45":2,"46":1,"48":1,"49":1,"50":1}},"/home/travis/build/npmtest/node-npmtest-node.io/example.js":{"path":"/home/travis/build/npmtest/node-npmtest-node.io/example.js","s":{"1":2,"2":2,"3":2,"4":2,"5":2,"6":2,"7":2,"8":1,"9":2,"10":2,"11":2,"12":2,"13":1,"14":2,"15":2,"16":2,"17":2,"18":2,"19":0,"20":2,"21":1,"22":1,"23":1,"24":1,"25":1,"26":0,"27":0,"28":1,"29":1,"30":2,"31":0,"32":0,"33":0,"34":1,"35":2,"36":2,"37":3,"38":3,"39":3,"40":3,"41":0,"42":3,"43":3,"44":3,"45":1,"46":3,"47":1,"48":1,"49":1,"50":1,"51":1,"52":1,"53":1,"54":1,"55":1,"56":1,"57":0,"58":1,"59":6,"60":6,"61":1,"62":2,"63":0,"64":2,"65":1,"66":1,"67":0,"68":0,"69":0,"70":0,"71":0,"72":0,"73":0,"74":0,"75":0,"76":0,"77":0,"78":0,"79":0,"80":0,"81":0,"82":0,"83":0},"b":{"1":[2,1,1,1],"2":[1,1,1,1],"3":[1,1],"4":[2,2],"5":[1,1],"6":[1,1],"7":[2,0],"8":[2,1,1,1,1,1],"9":[0,2,0],"10":[1,1],"11":[2,1,1],"12":[1,0],"13":[0,2],"14":[2,0,0,0,0,0,0],"15":[0,3],"16":[3,0],"17":[1,1],"18":[0,1],"19":[1,2,0,2],"20":[1,0],"21":[1,1],"22":[0,0],"23":[0,0],"24":[0,0],"25":[0,0],"26":[0,0],"27":[0,0],"28":[0,0]},"f":{"1":2,"2":2,"3":2,"4":2,"5":2,"6":2,"7":3,"8":3,"9":3,"10":1,"11":6,"12":0},"fnMap":{"1":{"name":"(anonymous_1)","line":26,"loc":{"start":{"line":26,"column":1},"end":{"line":26,"column":13}}},"2":{"name":"(anonymous_2)","line":33,"loc":{"start":{"line":33,"column":5},"end":{"line":33,"column":17}}},"3":{"name":"(anonymous_3)","line":37,"loc":{"start":{"line":37,"column":24},"end":{"line":37,"column":36}}},"4":{"name":"(anonymous_4)","line":69,"loc":{"start":{"line":69,"column":31},"end":{"line":69,"column":48}},"skip":true},"5":{"name":"(anonymous_5)","line":78,"loc":{"start":{"line":78,"column":26},"end":{"line":78,"column":45}},"skip":true},"6":{"name":"(anonymous_6)","line":123,"loc":{"start":{"line":123,"column":33},"end":{"line":123,"column":48}},"skip":true},"7":{"name":"(anonymous_7)","line":125,"loc":{"start":{"line":125,"column":27},"end":{"line":125,"column":39}},"skip":true},"8":{"name":"(anonymous_8)","line":133,"loc":{"start":{"line":133,"column":59},"end":{"line":133,"column":74}},"skip":true},"9":{"name":"(anonymous_9)","line":143,"loc":{"start":{"line":143,"column":45},"end":{"line":143,"column":62}},"skip":true},"10":{"name":"(anonymous_10)","line":144,"loc":{"start":{"line":144,"column":73},"end":{"line":144,"column":92}},"skip":true},"11":{"name":"(anonymous_11)","line":272,"loc":{"start":{"line":272,"column":51},"end":{"line":272,"column":77}},"skip":true},"12":{"name":"(anonymous_12)","line":315,"loc":{"start":{"line":315,"column":32},"end":{"line":315,"column":61}},"skip":true}},"statementMap":{"1":{"start":{"line":26,"column":0},"end":{"line":326,"column":5}},"2":{"start":{"line":28,"column":4},"end":{"line":28,"column":14}},"3":{"start":{"line":33,"column":4},"end":{"line":60,"column":9}},"4":{"start":{"line":35,"column":8},"end":{"line":35,"column":19}},"5":{"start":{"line":37,"column":8},"end":{"line":49,"column":13}},"6":{"start":{"line":38,"column":12},"end":{"line":48,"column":13}},"7":{"start":{"line":39,"column":16},"end":{"line":42,"column":30}},"8":{"start":{"line":44,"column":16},"end":{"line":47,"column":27}},"9":{"start":{"line":51,"column":8},"end":{"line":53,"column":21}},"10":{"start":{"line":55,"column":8},"end":{"line":57,"column":45}},"11":{"start":{"line":59,"column":8},"end":{"line":59,"column":35}},"12":{"start":{"line":61,"column":4},"end":{"line":325,"column":5}},"13":{"start":{"line":69,"column":8},"end":{"line":121,"column":10},"skip":true},"14":{"start":{"line":70,"column":12},"end":{"line":88,"column":13},"skip":true},"15":{"start":{"line":76,"column":16},"end":{"line":87,"column":19},"skip":true},"16":{"start":{"line":79,"column":20},"end":{"line":86,"column":21},"skip":true},"17":{"start":{"line":82,"column":24},"end":{"line":82,"column":43},"skip":true},"18":{"start":{"line":83,"column":24},"end":{"line":83,"column":30},"skip":true},"19":{"start":{"line":85,"column":24},"end":{"line":85,"column":49},"skip":true},"20":{"start":{"line":89,"column":12},"end":{"line":107,"column":13},"skip":true},"21":{"start":{"line":92,"column":16},"end":{"line":102,"column":17},"skip":true},"22":{"start":{"line":93,"column":20},"end":{"line":93,"column":86},"skip":true},"23":{"start":{"line":94,"column":20},"end":{"line":95,"column":45},"skip":true},"24":{"start":{"line":96,"column":20},"end":{"line":96,"column":42},"skip":true},"25":{"start":{"line":97,"column":20},"end":{"line":97,"column":48},"skip":true},"26":{"start":{"line":100,"column":20},"end":{"line":100,"column":85},"skip":true},"27":{"start":{"line":101,"column":20},"end":{"line":101,"column":96},"skip":true},"28":{"start":{"line":103,"column":16},"end":{"line":103,"column":22},"skip":true},"29":{"start":{"line":106,"column":16},"end":{"line":106,"column":22},"skip":true},"30":{"start":{"line":108,"column":12},"end":{"line":120,"column":13},"skip":true},"31":{"start":{"line":114,"column":16},"end":{"line":119,"column":17},"skip":true},"32":{"start":{"line":116,"column":20},"end":{"line":116,"column":78},"skip":true},"33":{"start":{"line":118,"column":20},"end":{"line":118,"column":47},"skip":true},"34":{"start":{"line":123,"column":8},"end":{"line":141,"column":11},"skip":true},"35":{"start":{"line":124,"column":12},"end":{"line":124,"column":54},"skip":true},"36":{"start":{"line":125,"column":12},"end":{"line":140,"column":14},"skip":true},"37":{"start":{"line":126,"column":16},"end":{"line":126,"column":28},"skip":true},"38":{"start":{"line":127,"column":16},"end":{"line":127,"column":69},"skip":true},"39":{"start":{"line":128,"column":16},"end":{"line":128,"column":75},"skip":true},"40":{"start":{"line":129,"column":16},"end":{"line":131,"column":17},"skip":true},"41":{"start":{"line":130,"column":20},"end":{"line":130,"column":27},"skip":true},"42":{"start":{"line":133,"column":16},"end":{"line":137,"column":36},"skip":true},"43":{"start":{"line":134,"column":20},"end":{"line":136,"column":55},"skip":true},"44":{"start":{"line":139,"column":16},"end":{"line":139,"column":57},"skip":true},"45":{"start":{"line":143,"column":8},"end":{"line":147,"column":11},"skip":true},"46":{"start":{"line":144,"column":12},"end":{"line":146,"column":15},"skip":true},"47":{"start":{"line":145,"column":16},"end":{"line":145,"column":70},"skip":true},"48":{"start":{"line":149,"column":8},"end":{"line":149,"column":31},"skip":true},"49":{"start":{"line":150,"column":8},"end":{"line":150,"column":14},"skip":true},"50":{"start":{"line":158,"column":8},"end":{"line":158,"column":31},"skip":true},"51":{"start":{"line":160,"column":8},"end":{"line":160,"column":33},"skip":true},"52":{"start":{"line":161,"column":8},"end":{"line":161,"column":37},"skip":true},"53":{"start":{"line":162,"column":8},"end":{"line":162,"column":35},"skip":true},"54":{"start":{"line":164,"column":8},"end":{"line":164,"column":50},"skip":true},"55":{"start":{"line":166,"column":8},"end":{"line":256,"column":2},"skip":true},"56":{"start":{"line":258,"column":8},"end":{"line":286,"column":9},"skip":true},"57":{"start":{"line":259,"column":12},"end":{"line":269,"column":14},"skip":true},"58":{"start":{"line":271,"column":12},"end":{"line":285,"column":19},"skip":true},"59":{"start":{"line":274,"column":20},"end":{"line":274,"column":35},"skip":true},"60":{"start":{"line":275,"column":20},"end":{"line":284,"column":21},"skip":true},"61":{"start":{"line":277,"column":24},"end":{"line":277,"column":64},"skip":true},"62":{"start":{"line":279,"column":24},"end":{"line":279,"column":40},"skip":true},"63":{"start":{"line":281,"column":24},"end":{"line":281,"column":40},"skip":true},"64":{"start":{"line":283,"column":24},"end":{"line":283,"column":39},"skip":true},"65":{"start":{"line":288,"column":8},"end":{"line":290,"column":9},"skip":true},"66":{"start":{"line":289,"column":12},"end":{"line":289,"column":18},"skip":true},"67":{"start":{"line":291,"column":8},"end":{"line":293,"column":54},"skip":true},"68":{"start":{"line":296,"column":8},"end":{"line":301,"column":37},"skip":true},"69":{"start":{"line":303,"column":8},"end":{"line":303,"column":82},"skip":true},"70":{"start":{"line":306,"column":8},"end":{"line":308,"column":9},"skip":true},"71":{"start":{"line":307,"column":12},"end":{"line":307,"column":82},"skip":true},"72":{"start":{"line":310,"column":8},"end":{"line":312,"column":9},"skip":true},"73":{"start":{"line":311,"column":12},"end":{"line":311,"column":18},"skip":true},"74":{"start":{"line":313,"column":8},"end":{"line":313,"column":54},"skip":true},"75":{"start":{"line":314,"column":8},"end":{"line":314,"column":69},"skip":true},"76":{"start":{"line":315,"column":8},"end":{"line":323,"column":36},"skip":true},"77":{"start":{"line":316,"column":12},"end":{"line":316,"column":61},"skip":true},"78":{"start":{"line":317,"column":12},"end":{"line":320,"column":13},"skip":true},"79":{"start":{"line":318,"column":16},"end":{"line":318,"column":75},"skip":true},"80":{"start":{"line":319,"column":16},"end":{"line":319,"column":23},"skip":true},"81":{"start":{"line":321,"column":12},"end":{"line":321,"column":38},"skip":true},"82":{"start":{"line":322,"column":12},"end":{"line":322,"column":27},"skip":true},"83":{"start":{"line":324,"column":8},"end":{"line":324,"column":14},"skip":true}},"branchMap":{"1":{"line":39,"type":"binary-expr","locations":[{"start":{"line":39,"column":23},"end":{"line":39,"column":62}},{"start":{"line":40,"column":20},"end":{"line":40,"column":70}},{"start":{"line":41,"column":20},"end":{"line":41,"column":71}},{"start":{"line":42,"column":20},"end":{"line":42,"column":29}}]},"2":{"line":44,"type":"binary-expr","locations":[{"start":{"line":44,"column":23},"end":{"line":44,"column":37}},{"start":{"line":45,"column":20},"end":{"line":45,"column":61}},{"start":{"line":46,"column":20},"end":{"line":46,"column":70}},{"start":{"line":47,"column":20},"end":{"line":47,"column":26}}]},"3":{"line":51,"type":"cond-expr","locations":[{"start":{"line":52,"column":14},"end":{"line":52,"column":20}},{"start":{"line":53,"column":14},"end":{"line":53,"column":20}}]},"4":{"line":55,"type":"binary-expr","locations":[{"start":{"line":55,"column":16},"end":{"line":55,"column":44}},{"start":{"line":55,"column":49},"end":{"line":57,"column":43}}]},"5":{"line":55,"type":"cond-expr","locations":[{"start":{"line":56,"column":14},"end":{"line":56,"column":51}},{"start":{"line":57,"column":14},"end":{"line":57,"column":43}}]},"6":{"line":61,"type":"switch","locations":[{"start":{"line":68,"column":4},"end":{"line":150,"column":14},"skip":true},{"start":{"line":156,"column":4},"end":{"line":324,"column":14},"skip":true}]},"7":{"line":70,"type":"if","locations":[{"start":{"line":70,"column":12},"end":{"line":70,"column":12},"skip":true},{"start":{"line":70,"column":12},"end":{"line":70,"column":12},"skip":true}]},"8":{"line":70,"type":"binary-expr","locations":[{"start":{"line":70,"column":16},"end":{"line":70,"column":22},"skip":true},{"start":{"line":70,"column":27},"end":{"line":70,"column":32},"skip":true},{"start":{"line":71,"column":20},"end":{"line":71,"column":39},"skip":true},{"start":{"line":72,"column":20},"end":{"line":72,"column":49},"skip":true},{"start":{"line":73,"column":20},"end":{"line":73,"column":58},"skip":true},{"start":{"line":74,"column":20},"end":{"line":74,"column":69},"skip":true}]},"9":{"line":79,"type":"switch","locations":[{"start":{"line":80,"column":20},"end":{"line":80,"column":33},"skip":true},{"start":{"line":81,"column":20},"end":{"line":83,"column":30},"skip":true},{"start":{"line":84,"column":20},"end":{"line":85,"column":49},"skip":true}]},"10":{"line":89,"type":"switch","locations":[{"start":{"line":90,"column":12},"end":{"line":103,"column":22},"skip":true},{"start":{"line":105,"column":12},"end":{"line":106,"column":22},"skip":true}]},"11":{"line":89,"type":"binary-expr","locations":[{"start":{"line":89,"column":20},"end":{"line":89,"column":25},"skip":true},{"start":{"line":89,"column":29},"end":{"line":89,"column":48},"skip":true},{"start":{"line":89,"column":52},"end":{"line":89,"column":74},"skip":true}]},"12":{"line":92,"type":"if","locations":[{"start":{"line":92,"column":16},"end":{"line":92,"column":16},"skip":true},{"start":{"line":92,"column":16},"end":{"line":92,"column":16},"skip":true}]},"13":{"line":108,"type":"if","locations":[{"start":{"line":108,"column":12},"end":{"line":108,"column":12},"skip":true},{"start":{"line":108,"column":12},"end":{"line":108,"column":12},"skip":true}]},"14":{"line":108,"type":"binary-expr","locations":[{"start":{"line":108,"column":16},"end":{"line":108,"column":61},"skip":true},{"start":{"line":108,"column":66},"end":{"line":108,"column":72},"skip":true},{"start":{"line":108,"column":77},"end":{"line":108,"column":82},"skip":true},{"start":{"line":109,"column":20},"end":{"line":109,"column":39},"skip":true},{"start":{"line":110,"column":20},"end":{"line":110,"column":49},"skip":true},{"start":{"line":111,"column":20},"end":{"line":111,"column":58},"skip":true},{"start":{"line":112,"column":20},"end":{"line":112,"column":68},"skip":true}]},"15":{"line":129,"type":"if","locations":[{"start":{"line":129,"column":16},"end":{"line":129,"column":16},"skip":true},{"start":{"line":129,"column":16},"end":{"line":129,"column":16},"skip":true}]},"16":{"line":134,"type":"cond-expr","locations":[{"start":{"line":135,"column":26},"end":{"line":135,"column":29},"skip":true},{"start":{"line":136,"column":26},"end":{"line":136,"column":54},"skip":true}]},"17":{"line":164,"type":"binary-expr","locations":[{"start":{"line":164,"column":27},"end":{"line":164,"column":43},"skip":true},{"start":{"line":164,"column":47},"end":{"line":164,"column":49},"skip":true}]},"18":{"line":258,"type":"if","locations":[{"start":{"line":258,"column":8},"end":{"line":258,"column":8},"skip":true},{"start":{"line":258,"column":8},"end":{"line":258,"column":8},"skip":true}]},"19":{"line":275,"type":"switch","locations":[{"start":{"line":276,"column":20},"end":{"line":277,"column":64},"skip":true},{"start":{"line":278,"column":20},"end":{"line":279,"column":40},"skip":true},{"start":{"line":280,"column":20},"end":{"line":281,"column":40},"skip":true},{"start":{"line":282,"column":20},"end":{"line":283,"column":39},"skip":true}]},"20":{"line":288,"type":"if","locations":[{"start":{"line":288,"column":8},"end":{"line":288,"column":8},"skip":true},{"start":{"line":288,"column":8},"end":{"line":288,"column":8},"skip":true}]},"21":{"line":288,"type":"binary-expr","locations":[{"start":{"line":288,"column":12},"end":{"line":288,"column":40},"skip":true},{"start":{"line":288,"column":44},"end":{"line":288,"column":67},"skip":true}]},"22":{"line":292,"type":"binary-expr","locations":[{"start":{"line":292,"column":12},"end":{"line":292,"column":50},"skip":true},{"start":{"line":293,"column":12},"end":{"line":293,"column":53},"skip":true}]},"23":{"line":297,"type":"binary-expr","locations":[{"start":{"line":297,"column":12},"end":{"line":297,"column":65},"skip":true},{"start":{"line":298,"column":12},"end":{"line":301,"column":36},"skip":true}]},"24":{"line":303,"type":"binary-expr","locations":[{"start":{"line":303,"column":43},"end":{"line":303,"column":75},"skip":true},{"start":{"line":303,"column":79},"end":{"line":303,"column":81},"skip":true}]},"25":{"line":306,"type":"if","locations":[{"start":{"line":306,"column":8},"end":{"line":306,"column":8},"skip":true},{"start":{"line":306,"column":8},"end":{"line":306,"column":8},"skip":true}]},"26":{"line":310,"type":"if","locations":[{"start":{"line":310,"column":8},"end":{"line":310,"column":8},"skip":true},{"start":{"line":310,"column":8},"end":{"line":310,"column":8},"skip":true}]},"27":{"line":313,"type":"binary-expr","locations":[{"start":{"line":313,"column":27},"end":{"line":313,"column":43},"skip":true},{"start":{"line":313,"column":47},"end":{"line":313,"column":53},"skip":true}]},"28":{"line":317,"type":"if","locations":[{"start":{"line":317,"column":12},"end":{"line":317,"column":12},"skip":true},{"start":{"line":317,"column":12},"end":{"line":317,"column":12},"skip":true}]}},"code":["/*","example.js","","quickstart example","","instruction","    1. save this script as example.js","    2. run the shell command:","        $ npm install npmtest-node.io && PORT=8081 node example.js","    3. play with the browser-demo on http://127.0.0.1:8081","*/","","","","/* istanbul instrument in package npmtest_node_io */","/*jslint","    bitwise: true,","    browser: true,","    maxerr: 8,","    maxlen: 96,","    node: true,","    nomen: true,","    regexp: true,","    stupid: true","*/","(function () {","    'use strict';","    var local;","","","","    // run shared js-env code - pre-init","    (function () {","        // init local","        local = {};","        // init modeJs","        local.modeJs = (function () {","            try {","                return typeof navigator.userAgent === 'string' &&","                    typeof document.querySelector('body') === 'object' &&","                    typeof XMLHttpRequest.prototype.open === 'function' &&","                    'browser';","            } catch (errorCaughtBrowser) {","                return module.exports &&","                    typeof process.versions.node === 'string' &&","                    typeof require('http').createServer === 'function' &&","                    'node';","            }","        }());","        // init global","        local.global = local.modeJs === 'browser'","            ? window","            : global;","        // init utility2_rollup","        local = local.global.utility2_rollup || (local.modeJs === 'browser'","            ? local.global.utility2_npmtest_node_io","            : global.utility2_moduleExports);","        // export local","        local.global.local = local;","    }());","    switch (local.modeJs) {","","","","    // post-init","    // run browser js-env code - post-init","    /* istanbul ignore next */","    case 'browser':","        local.testRunBrowser = function (event) {","            if (!event || (event &&","                    event.currentTarget &&","                    event.currentTarget.className &&","                    event.currentTarget.className.includes &&","                    event.currentTarget.className.includes('onreset'))) {","                // reset output","                Array.from(","                    document.querySelectorAll('body > .resettable')","                ).forEach(function (element) {","                    switch (element.tagName) {","                    case 'INPUT':","                    case 'TEXTAREA':","                        element.value = '';","                        break;","                    default:","                        element.textContent = '';","                    }","                });","            }","            switch (event && event.currentTarget && event.currentTarget.id) {","            case 'testRunButton1':","                // show tests","                if (document.querySelector('#testReportDiv1').style.display === 'none') {","                    document.querySelector('#testReportDiv1').style.display = 'block';","                    document.querySelector('#testRunButton1').textContent =","                        'hide internal test';","                    local.modeTest = true;","                    local.testRunDefault(local);","                // hide tests","                } else {","                    document.querySelector('#testReportDiv1').style.display = 'none';","                    document.querySelector('#testRunButton1').textContent = 'run internal test';","                }","                break;","            // custom-case","            default:","                break;","            }","            if (document.querySelector('#inputTextareaEval1') && (!event || (event &&","                    event.currentTarget &&","                    event.currentTarget.className &&","                    event.currentTarget.className.includes &&","                    event.currentTarget.className.includes('oneval')))) {","                // try to eval input-code","                try {","                    /*jslint evil: true*/","                    eval(document.querySelector('#inputTextareaEval1').value);","                } catch (errorCaught) {","                    console.error(errorCaught);","                }","            }","        };","        // log stderr and stdout to #outputTextareaStdout1","        ['error', 'log'].forEach(function (key) {","            console[key + '_original'] = console[key];","            console[key] = function () {","                var element;","                console[key + '_original'].apply(console, arguments);","                element = document.querySelector('#outputTextareaStdout1');","                if (!element) {","                    return;","                }","                // append text to #outputTextareaStdout1","                element.value += Array.from(arguments).map(function (arg) {","                    return typeof arg === 'string'","                        ? arg","                        : JSON.stringify(arg, null, 4);","                }).join(' ') + '\\n';","                // scroll textarea to bottom","                element.scrollTop = element.scrollHeight;","            };","        });","        // init event-handling","        ['change', 'click', 'keyup'].forEach(function (event) {","            Array.from(document.querySelectorAll('.on' + event)).forEach(function (element) {","                element.addEventListener(event, local.testRunBrowser);","            });","        });","        // run tests","        local.testRunBrowser();","        break;","","","","    // run node js-env code - post-init","    /* istanbul ignore next */","    case 'node':","        // export local","        module.exports = local;","        // require modules","        local.fs = require('fs');","        local.http = require('http');","        local.url = require('url');","        // init assets","        local.assetsDict = local.assetsDict || {};","        /* jslint-ignore-begin */","        local.assetsDict['/assets.index.template.html'] = '\\","<!doctype html>\\n\\","<html lang=\"en\">\\n\\","<head>\\n\\","<meta charset=\"UTF-8\">\\n\\","<meta name=\"viewport\" content=\"width=device-width, initial-scale=1\">\\n\\","<title>{{env.npm_package_name}} (v{{env.npm_package_version}})</title>\\n\\","<style>\\n\\","/*csslint\\n\\","    box-sizing: false,\\n\\","    universal-selector: false\\n\\","*/\\n\\","* {\\n\\","    box-sizing: border-box;\\n\\","}\\n\\","body {\\n\\","    background: #dde;\\n\\","    font-family: Arial, Helvetica, sans-serif;\\n\\","    margin: 2rem;\\n\\","}\\n\\","body > * {\\n\\","    margin-bottom: 1rem;\\n\\","}\\n\\",".utility2FooterDiv {\\n\\","    margin-top: 20px;\\n\\","    text-align: center;\\n\\","}\\n\\","</style>\\n\\","<style>\\n\\","/*csslint\\n\\","*/\\n\\","textarea {\\n\\","    font-family: monospace;\\n\\","    height: 10rem;\\n\\","    width: 100%;\\n\\","}\\n\\","textarea[readonly] {\\n\\","    background: #ddd;\\n\\","}\\n\\","</style>\\n\\","</head>\\n\\","<body>\\n\\","<!-- utility2-comment\\n\\","<div id=\"ajaxProgressDiv1\" style=\"background: #d00; height: 2px; left: 0; margin: 0; padding: 0; position: fixed; top: 0; transition: background 0.5s, width 1.5s; width: 25%;\"></div>\\n\\","utility2-comment -->\\n\\","<h1>\\n\\","<!-- utility2-comment\\n\\","    <a\\n\\","        {{#if env.npm_package_homepage}}\\n\\","        href=\"{{env.npm_package_homepage}}\"\\n\\","        {{/if env.npm_package_homepage}}\\n\\","        target=\"_blank\"\\n\\","    >\\n\\","utility2-comment -->\\n\\","        {{env.npm_package_name}} (v{{env.npm_package_version}})\\n\\","<!-- utility2-comment\\n\\","    </a>\\n\\","utility2-comment -->\\n\\","</h1>\\n\\","<h3>{{env.npm_package_description}}</h3>\\n\\","<!-- utility2-comment\\n\\","<h4><a download href=\"assets.app.js\">download standalone app</a></h4>\\n\\","<button class=\"onclick onreset\" id=\"testRunButton1\">run internal test</button><br>\\n\\","<div id=\"testReportDiv1\" style=\"display: none;\"></div>\\n\\","utility2-comment -->\\n\\","\\n\\","\\n\\","\\n\\","<label>stderr and stdout</label>\\n\\","<textarea class=\"resettable\" id=\"outputTextareaStdout1\" readonly></textarea>\\n\\","<!-- utility2-comment\\n\\","{{#if isRollup}}\\n\\","<script src=\"assets.app.js\"></script>\\n\\","{{#unless isRollup}}\\n\\","utility2-comment -->\\n\\","<script src=\"assets.utility2.rollup.js\"></script>\\n\\","<script src=\"jsonp.utility2._stateInit?callback=window.utility2._stateInit\"></script>\\n\\","<script src=\"assets.npmtest_node_io.rollup.js\"></script>\\n\\","<script src=\"assets.example.js\"></script>\\n\\","<script src=\"assets.test.js\"></script>\\n\\","<!-- utility2-comment\\n\\","{{/if isRollup}}\\n\\","utility2-comment -->\\n\\","<div class=\"utility2FooterDiv\">\\n\\","    [ this app was created with\\n\\","    <a href=\"https://github.com/kaizhu256/node-utility2\" target=\"_blank\">utility2</a>\\n\\","    ]\\n\\","</div>\\n\\","</body>\\n\\","</html>\\n\\","';","        /* jslint-ignore-end */","        if (local.templateRender) {","            local.assetsDict['/'] = local.templateRender(","                local.assetsDict['/assets.index.template.html'],","                {","                    env: local.objectSetDefault(local.env, {","                        npm_package_description: 'the greatest app in the world!',","                        npm_package_name: 'my-app',","                        npm_package_nameAlias: 'my_app',","                        npm_package_version: '0.0.1'","                    })","                }","            );","        } else {","            local.assetsDict['/'] = local.assetsDict['/assets.index.template.html']","                .replace((/\\{\\{env\\.(\\w+?)\\}\\}/g), function (match0, match1) {","                    // jslint-hack","                    String(match0);","                    switch (match1) {","                    case 'npm_package_description':","                        return 'the greatest app in the world!';","                    case 'npm_package_name':","                        return 'my-app';","                    case 'npm_package_nameAlias':","                        return 'my_app';","                    case 'npm_package_version':","                        return '0.0.1';","                    }","                });","        }","        // run the cli","        if (local.global.utility2_rollup || module !== require.main) {","            break;","        }","        local.assetsDict['/assets.example.js'] =","            local.assetsDict['/assets.example.js'] ||","            local.fs.readFileSync(__filename, 'utf8');","        // bug-workaround - long $npm_package_buildCustomOrg","        /* jslint-ignore-begin */","        local.assetsDict['/assets.npmtest_node_io.rollup.js'] =","            local.assetsDict['/assets.npmtest_node_io.rollup.js'] ||","            local.fs.readFileSync(","                local.npmtest_node_io.__dirname + '/lib.npmtest_node_io.js',","                'utf8'","            ).replace((/^#!/), '//');","        /* jslint-ignore-end */","        local.assetsDict['/favicon.ico'] = local.assetsDict['/favicon.ico'] || '';","        // if $npm_config_timeout_exit exists,","        // then exit this process after $npm_config_timeout_exit ms","        if (Number(process.env.npm_config_timeout_exit)) {","            setTimeout(process.exit, Number(process.env.npm_config_timeout_exit));","        }","        // start server","        if (local.global.utility2_serverHttp1) {","            break;","        }","        process.env.PORT = process.env.PORT || '8081';","        console.error('server starting on port ' + process.env.PORT);","        local.http.createServer(function (request, response) {","            request.urlParsed = local.url.parse(request.url);","            if (local.assetsDict[request.urlParsed.pathname] !== undefined) {","                response.end(local.assetsDict[request.urlParsed.pathname]);","                return;","            }","            response.statusCode = 404;","            response.end();","        }).listen(process.env.PORT);","        break;","    }","}());",""],"l":{"26":2,"28":2,"33":2,"35":2,"37":2,"38":2,"39":2,"44":1,"51":2,"55":2,"59":2,"61":2,"69":1,"70":2,"76":2,"79":2,"82":2,"83":2,"85":1,"89":2,"92":1,"93":1,"94":1,"96":1,"97":1,"100":1,"101":1,"103":1,"106":1,"108":2,"114":1,"116":1,"118":1,"123":1,"124":2,"125":2,"126":3,"127":3,"128":3,"129":3,"130":1,"133":3,"134":3,"139":3,"143":1,"144":3,"145":1,"149":1,"150":1,"158":1,"160":1,"161":1,"162":1,"164":1,"166":1,"258":1,"259":1,"271":1,"274":6,"275":6,"277":1,"279":2,"281":1,"283":2,"288":1,"289":1,"291":1,"296":1,"303":1,"306":1,"307":1,"310":1,"311":1,"313":1,"314":1,"315":1,"316":1,"317":1,"318":1,"319":1,"321":1,"322":1,"324":1}},"/home/travis/build/npmtest/node-npmtest-node.io/node_modules/node.io/lib/node.io/index.js":{"path":"/home/travis/build/npmtest/node-npmtest-node.io/node_modules/node.io/lib/node.io/index.js","s":{"1":1,"2":1,"3":1,"4":0,"5":0,"6":0,"7":0,"8":0,"9":1,"10":0,"11":0,"12":0,"13":0,"14":0,"15":0,"16":0,"17":0},"b":{"1":[0,0],"2":[0,0],"3":[0,0],"4":[0,0]},"f":{"1":0,"2":0},"fnMap":{"1":{"name":"(anonymous_1)","line":26,"loc":{"start":{"line":26,"column":17},"end":{"line":26,"column":32}}},"2":{"name":"(anonymous_2)","line":40,"loc":{"start":{"line":40,"column":17},"end":{"line":40,"column":47}}}},"statementMap":{"1":{"start":{"line":7,"column":0},"end":{"line":9,"column":27}},"2":{"start":{"line":11,"column":0},"end":{"line":23,"column":2}},"3":{"start":{"line":26,"column":0},"end":{"line":37,"column":2}},"4":{"start":{"line":27,"column":4},"end":{"line":29,"column":5}},"5":{"start":{"line":28,"column":8},"end":{"line":28,"column":25}},"6":{"start":{"line":30,"column":4},"end":{"line":30,"column":36}},"7":{"start":{"line":31,"column":4},"end":{"line":35,"column":16}},"8":{"start":{"line":36,"column":4},"end":{"line":36,"column":37}},"9":{"start":{"line":40,"column":0},"end":{"line":52,"column":2}},"10":{"start":{"line":41,"column":4},"end":{"line":45,"column":5}},"11":{"start":{"line":42,"column":8},"end":{"line":42,"column":21}},"12":{"start":{"line":43,"column":8},"end":{"line":43,"column":20}},"13":{"start":{"line":44,"column":8},"end":{"line":44,"column":22}},"14":{"start":{"line":46,"column":4},"end":{"line":47,"column":48}},"15":{"start":{"line":48,"column":4},"end":{"line":50,"column":5}},"16":{"start":{"line":49,"column":8},"end":{"line":49,"column":32}},"17":{"start":{"line":51,"column":4},"end":{"line":51,"column":55}}},"branchMap":{"1":{"line":27,"type":"if","locations":[{"start":{"line":27,"column":4},"end":{"line":27,"column":4}},{"start":{"line":27,"column":4},"end":{"line":27,"column":4}}]},"2":{"line":30,"type":"binary-expr","locations":[{"start":{"line":30,"column":18},"end":{"line":30,"column":29}},{"start":{"line":30,"column":33},"end":{"line":30,"column":35}}]},"3":{"line":41,"type":"if","locations":[{"start":{"line":41,"column":4},"end":{"line":41,"column":4}},{"start":{"line":41,"column":4},"end":{"line":41,"column":4}}]},"4":{"line":48,"type":"if","locations":[{"start":{"line":48,"column":4},"end":{"line":48,"column":4}},{"start":{"line":48,"column":4},"end":{"line":48,"column":4}}]}},"code":["/*!"," * node.io"," * Copyright(c) 2010 Chris O'Hara <cohara87@gmail.com>"," * MIT Licensed"," */","","var processor = require('./processor'),","    request = require('./request'),","    job = require('./job');","","exports = module.exports = {","    Processor: processor.Processor,","    JobProto: job.JobProto, //A reference to the underlying Job.prototype","    JobClass: job.JobClass, //A reference to a new prototype identical to Job.prototype (so Job.prototype isn't modified)","    Job: job.Job,           //Used to instantiate a JobClass","    Proxy: request.Proxy,","    HttpProxy: request.HttpProxy,","    start: processor.start,","    startSlave: processor.startSlave,","    cli: require('./interfaces/cli').cli,","    web: require('./interfaces/web').web,","    utils: require('./utils')","};","","//Shortcut for creating scraping jobs","exports.create = function (obj) {","    if (typeof obj === 'function') {","        obj = {run: obj};","    }","    var options = obj.options || {};","    options = utils.put({","        timeout: 10,","        auto_retry: true,","        spoof: true","    }, options);","    return new job.Job(options, obj);","};","","//High level method for noobs","exports.scrape = function (input, run, output) {","    if (typeof input === 'function') {","        output = run;","        run = input;","        input = false;","    }","    var methods = {input:input, run:run},","        options = {timeout:10, auto_retry:true};","    if (typeof output !== 'undefined') {","        methods.output = output;","    }","    processor.start(new exports.Job(options, methods));","};","",""],"l":{"7":1,"11":1,"26":1,"27":0,"28":0,"30":0,"31":0,"36":0,"40":1,"41":0,"42":0,"43":0,"44":0,"46":0,"48":0,"49":0,"51":0}},"/home/travis/build/npmtest/node-npmtest-node.io/node_modules/node.io/lib/node.io/processor.js":{"path":"/home/travis/build/npmtest/node-npmtest-node.io/node_modules/node.io/lib/node.io/processor.js","s":{"1":1,"2":1,"3":1,"4":1,"5":0,"6":0,"7":0,"8":0,"9":1,"10":1,"11":1,"12":1,"13":1,"14":0,"15":0,"16":0,"17":0,"18":0,"19":0,"20":0,"21":0,"22":0,"23":0,"24":0,"25":0,"26":0,"27":0,"28":0,"29":0,"30":0,"31":0,"32":0,"33":0,"34":0,"35":0,"36":0,"37":0,"38":0,"39":0,"40":0,"41":0,"42":0,"43":1,"44":0,"45":0,"46":0,"47":1,"48":0,"49":0,"50":0,"51":0,"52":0,"53":0,"54":0,"55":0,"56":0,"57":0,"58":0,"59":0,"60":0,"61":0,"62":0,"63":0,"64":0,"65":0,"66":0,"67":0,"68":0,"69":0,"70":0,"71":0,"72":0,"73":0,"74":1,"75":0,"76":0,"77":0,"78":0,"79":0,"80":0,"81":0,"82":0,"83":0,"84":0,"85":0,"86":0,"87":0,"88":0,"89":0,"90":0,"91":0,"92":0,"93":0,"94":0,"95":0,"96":0,"97":0,"98":1,"99":0,"100":0,"101":0,"102":0,"103":0,"104":0,"105":0,"106":0,"107":0,"108":0,"109":0,"110":0,"111":0,"112":0,"113":0,"114":0,"115":0,"116":0,"117":0,"118":0,"119":0,"120":0,"121":0,"122":0,"123":0,"124":0,"125":0,"126":0,"127":0,"128":0,"129":0,"130":0,"131":0,"132":0,"133":0,"134":0,"135":0,"136":0,"137":0,"138":0,"139":0,"140":0,"141":0,"142":0,"143":1,"144":0,"145":0,"146":0,"147":0,"148":0,"149":0,"150":0,"151":0,"152":0,"153":0,"154":0,"155":0,"156":0,"157":0,"158":0,"159":0,"160":0,"161":0,"162":0,"163":0,"164":0,"165":0,"166":0,"167":1,"168":0,"169":0,"170":0,"171":0,"172":0,"173":1,"174":0,"175":0,"176":0,"177":0},"b":{"1":[0,0],"2":[0,0],"3":[0,0],"4":[0,0],"5":[0,0],"6":[0,0],"7":[0,0],"8":[0,0],"9":[0,0],"10":[0,0],"11":[0,0],"12":[0,0],"13":[0,0],"14":[0,0],"15":[0,0],"16":[0,0],"17":[0,0,0],"18":[0,0],"19":[0,0],"20":[0,0],"21":[0,0],"22":[0,0],"23":[0,0],"24":[0,0],"25":[0,0],"26":[0,0],"27":[0,0],"28":[0,0],"29":[0,0,0],"30":[0,0],"31":[0,0],"32":[0,0],"33":[0,0],"34":[0,0],"35":[0,0],"36":[0,0],"37":[0,0],"38":[0,0],"39":[0,0],"40":[0,0],"41":[0,0],"42":[0,0],"43":[0,0],"44":[0,0],"45":[0,0],"46":[0,0],"47":[0,0],"48":[0,0],"49":[0,0],"50":[0,0],"51":[0,0],"52":[0,0],"53":[0,0],"54":[0,0],"55":[0,0],"56":[0,0],"57":[0,0]},"f":{"1":0,"2":0,"3":0,"4":0,"5":0,"6":0,"7":0,"8":0,"9":0,"10":0,"11":0,"12":0,"13":0,"14":0,"15":0,"16":0,"17":0,"18":0,"19":0,"20":0,"21":0,"22":0,"23":0,"24":0,"25":0},"fnMap":{"1":{"name":"(anonymous_1)","line":25,"loc":{"start":{"line":25,"column":16},"end":{"line":25,"column":51}}},"2":{"name":"(anonymous_2)","line":54,"loc":{"start":{"line":54,"column":16},"end":{"line":54,"column":66}}},"3":{"name":"(anonymous_3)","line":65,"loc":{"start":{"line":65,"column":27},"end":{"line":65,"column":42}}},"4":{"name":"(anonymous_4)","line":73,"loc":{"start":{"line":73,"column":17},"end":{"line":73,"column":46}}},"5":{"name":"(anonymous_5)","line":78,"loc":{"start":{"line":78,"column":29},"end":{"line":78,"column":44}}},"6":{"name":"(anonymous_6)","line":88,"loc":{"start":{"line":88,"column":23},"end":{"line":88,"column":38}}},"7":{"name":"(anonymous_7)","line":97,"loc":{"start":{"line":97,"column":23},"end":{"line":97,"column":35}}},"8":{"name":"(anonymous_8)","line":108,"loc":{"start":{"line":108,"column":36},"end":{"line":108,"column":70}}},"9":{"name":"(anonymous_9)","line":126,"loc":{"start":{"line":126,"column":21},"end":{"line":126,"column":40}}},"10":{"name":"(anonymous_10)","line":128,"loc":{"start":{"line":128,"column":19},"end":{"line":128,"column":31}}},"11":{"name":"(anonymous_11)","line":139,"loc":{"start":{"line":139,"column":27},"end":{"line":139,"column":47}}},"12":{"name":"(anonymous_12)","line":172,"loc":{"start":{"line":172,"column":35},"end":{"line":172,"column":53}}},"13":{"name":"(anonymous_13)","line":176,"loc":{"start":{"line":176,"column":42},"end":{"line":176,"column":58}}},"14":{"name":"(anonymous_14)","line":191,"loc":{"start":{"line":191,"column":36},"end":{"line":191,"column":54}}},"15":{"name":"(anonymous_15)","line":195,"loc":{"start":{"line":195,"column":42},"end":{"line":195,"column":58}}},"16":{"name":"(anonymous_16)","line":205,"loc":{"start":{"line":205,"column":33},"end":{"line":205,"column":81}}},"17":{"name":"(anonymous_17)","line":263,"loc":{"start":{"line":263,"column":30},"end":{"line":263,"column":64}}},"18":{"name":"(anonymous_18)","line":339,"loc":{"start":{"line":339,"column":78},"end":{"line":339,"column":92}}},"19":{"name":"(anonymous_19)","line":370,"loc":{"start":{"line":370,"column":31},"end":{"line":370,"column":72}}},"20":{"name":"(anonymous_20)","line":371,"loc":{"start":{"line":371,"column":48},"end":{"line":371,"column":60}}},"21":{"name":"(anonymous_21)","line":412,"loc":{"start":{"line":412,"column":21},"end":{"line":412,"column":42}}},"22":{"name":"(anonymous_22)","line":415,"loc":{"start":{"line":415,"column":20},"end":{"line":415,"column":35}}},"23":{"name":"(anonymous_23)","line":423,"loc":{"start":{"line":423,"column":40},"end":{"line":423,"column":52}}},"24":{"name":"(anonymous_24)","line":446,"loc":{"start":{"line":446,"column":29},"end":{"line":446,"column":44}}},"25":{"name":"(anonymous_25)","line":465,"loc":{"start":{"line":465,"column":29},"end":{"line":465,"column":50}}}},"statementMap":{"1":{"start":{"line":7,"column":0},"end":{"line":9,"column":31}},"2":{"start":{"line":10,"column":4},"end":{"line":12,"column":36}},"3":{"start":{"line":15,"column":0},"end":{"line":16,"column":43}},"4":{"start":{"line":25,"column":0},"end":{"line":31,"column":2}},"5":{"start":{"line":26,"column":4},"end":{"line":26,"column":56}},"6":{"start":{"line":27,"column":4},"end":{"line":27,"column":58}},"7":{"start":{"line":29,"column":4},"end":{"line":29,"column":33}},"8":{"start":{"line":30,"column":4},"end":{"line":30,"column":19}},"9":{"start":{"line":32,"column":0},"end":{"line":32,"column":30}},"10":{"start":{"line":37,"column":0},"end":{"line":37,"column":28}},"11":{"start":{"line":38,"column":0},"end":{"line":38,"column":28}},"12":{"start":{"line":39,"column":0},"end":{"line":39,"column":27}},"13":{"start":{"line":54,"column":0},"end":{"line":115,"column":2}},"14":{"start":{"line":55,"column":4},"end":{"line":59,"column":5}},"15":{"start":{"line":56,"column":8},"end":{"line":56,"column":34}},"16":{"start":{"line":57,"column":8},"end":{"line":57,"column":27}},"17":{"start":{"line":58,"column":8},"end":{"line":58,"column":21}},"18":{"start":{"line":60,"column":4},"end":{"line":60,"column":28}},"19":{"start":{"line":62,"column":4},"end":{"line":62,"column":43}},"20":{"start":{"line":65,"column":4},"end":{"line":70,"column":6}},"21":{"start":{"line":66,"column":8},"end":{"line":68,"column":9}},"22":{"start":{"line":67,"column":12},"end":{"line":67,"column":36}},"23":{"start":{"line":69,"column":8},"end":{"line":69,"column":23}},"24":{"start":{"line":73,"column":4},"end":{"line":105,"column":6}},"25":{"start":{"line":76,"column":8},"end":{"line":91,"column":9}},"26":{"start":{"line":77,"column":12},"end":{"line":77,"column":28}},"27":{"start":{"line":78,"column":12},"end":{"line":86,"column":14}},"28":{"start":{"line":79,"column":16},"end":{"line":85,"column":17}},"29":{"start":{"line":80,"column":20},"end":{"line":82,"column":21}},"30":{"start":{"line":81,"column":24},"end":{"line":81,"column":44}},"31":{"start":{"line":84,"column":20},"end":{"line":84,"column":37}},"32":{"start":{"line":87,"column":12},"end":{"line":87,"column":40}},"33":{"start":{"line":88,"column":12},"end":{"line":90,"column":14}},"34":{"start":{"line":89,"column":16},"end":{"line":89,"column":42}},"35":{"start":{"line":94,"column":8},"end":{"line":94,"column":36}},"36":{"start":{"line":97,"column":8},"end":{"line":104,"column":11}},"37":{"start":{"line":100,"column":12},"end":{"line":102,"column":13}},"38":{"start":{"line":101,"column":16},"end":{"line":101,"column":64}},"39":{"start":{"line":108,"column":4},"end":{"line":114,"column":7}},"40":{"start":{"line":109,"column":8},"end":{"line":113,"column":9}},"41":{"start":{"line":110,"column":12},"end":{"line":110,"column":26}},"42":{"start":{"line":112,"column":12},"end":{"line":112,"column":38}},"43":{"start":{"line":126,"column":0},"end":{"line":131,"column":2}},"44":{"start":{"line":127,"column":4},"end":{"line":127,"column":49}},"45":{"start":{"line":128,"column":4},"end":{"line":130,"column":7}},"46":{"start":{"line":129,"column":8},"end":{"line":129,"column":30}},"47":{"start":{"line":139,"column":0},"end":{"line":203,"column":2}},"48":{"start":{"line":140,"column":4},"end":{"line":140,"column":20}},"49":{"start":{"line":142,"column":4},"end":{"line":202,"column":5}},"50":{"start":{"line":144,"column":8},"end":{"line":151,"column":9}},"51":{"start":{"line":148,"column":12},"end":{"line":148,"column":86}},"52":{"start":{"line":149,"column":12},"end":{"line":149,"column":25}},"53":{"start":{"line":154,"column":8},"end":{"line":154,"column":26}},"54":{"start":{"line":159,"column":8},"end":{"line":161,"column":9}},"55":{"start":{"line":160,"column":12},"end":{"line":160,"column":47}},"56":{"start":{"line":164,"column":8},"end":{"line":164,"column":29}},"57":{"start":{"line":165,"column":8},"end":{"line":167,"column":9}},"58":{"start":{"line":166,"column":12},"end":{"line":166,"column":30}},"59":{"start":{"line":169,"column":8},"end":{"line":169,"column":45}},"60":{"start":{"line":172,"column":8},"end":{"line":188,"column":11}},"61":{"start":{"line":175,"column":12},"end":{"line":175,"column":53}},"62":{"start":{"line":176,"column":12},"end":{"line":178,"column":15}},"63":{"start":{"line":177,"column":16},"end":{"line":177,"column":47}},"64":{"start":{"line":180,"column":12},"end":{"line":180,"column":33}},"65":{"start":{"line":181,"column":12},"end":{"line":181,"column":27}},"66":{"start":{"line":184,"column":12},"end":{"line":187,"column":13}},"67":{"start":{"line":185,"column":16},"end":{"line":185,"column":30}},"68":{"start":{"line":186,"column":16},"end":{"line":186,"column":27}},"69":{"start":{"line":191,"column":8},"end":{"line":201,"column":11}},"70":{"start":{"line":194,"column":12},"end":{"line":194,"column":53}},"71":{"start":{"line":195,"column":12},"end":{"line":197,"column":15}},"72":{"start":{"line":196,"column":16},"end":{"line":196,"column":47}},"73":{"start":{"line":200,"column":12},"end":{"line":200,"column":28}},"74":{"start":{"line":205,"column":0},"end":{"line":251,"column":1}},"75":{"start":{"line":207,"column":4},"end":{"line":215,"column":5}},"76":{"start":{"line":208,"column":8},"end":{"line":208,"column":50}},"77":{"start":{"line":209,"column":8},"end":{"line":214,"column":9}},"78":{"start":{"line":210,"column":12},"end":{"line":210,"column":53}},"79":{"start":{"line":212,"column":12},"end":{"line":212,"column":45}},"80":{"start":{"line":213,"column":12},"end":{"line":213,"column":19}},"81":{"start":{"line":217,"column":4},"end":{"line":219,"column":5}},"82":{"start":{"line":218,"column":8},"end":{"line":218,"column":30}},"83":{"start":{"line":222,"column":4},"end":{"line":238,"column":5}},"84":{"start":{"line":223,"column":8},"end":{"line":223,"column":22}},"85":{"start":{"line":224,"column":8},"end":{"line":236,"column":9}},"86":{"start":{"line":225,"column":12},"end":{"line":225,"column":45}},"87":{"start":{"line":226,"column":12},"end":{"line":229,"column":13}},"88":{"start":{"line":227,"column":16},"end":{"line":227,"column":76}},"89":{"start":{"line":228,"column":16},"end":{"line":228,"column":23}},"90":{"start":{"line":232,"column":12},"end":{"line":235,"column":13}},"91":{"start":{"line":233,"column":16},"end":{"line":233,"column":30}},"92":{"start":{"line":234,"column":16},"end":{"line":234,"column":22}},"93":{"start":{"line":237,"column":8},"end":{"line":237,"column":37}},"94":{"start":{"line":243,"column":4},"end":{"line":245,"column":5}},"95":{"start":{"line":244,"column":8},"end":{"line":244,"column":93}},"96":{"start":{"line":248,"column":4},"end":{"line":248,"column":40}},"97":{"start":{"line":250,"column":4},"end":{"line":250,"column":45}},"98":{"start":{"line":263,"column":0},"end":{"line":360,"column":2}},"99":{"start":{"line":264,"column":4},"end":{"line":264,"column":20}},"100":{"start":{"line":266,"column":4},"end":{"line":359,"column":5}},"101":{"start":{"line":270,"column":8},"end":{"line":270,"column":34}},"102":{"start":{"line":271,"column":8},"end":{"line":271,"column":56}},"103":{"start":{"line":273,"column":11},"end":{"line":359,"column":5}},"104":{"start":{"line":276,"column":8},"end":{"line":276,"column":107}},"105":{"start":{"line":277,"column":8},"end":{"line":280,"column":9}},"106":{"start":{"line":278,"column":12},"end":{"line":278,"column":106}},"107":{"start":{"line":279,"column":12},"end":{"line":279,"column":19}},"108":{"start":{"line":282,"column":8},"end":{"line":282,"column":55}},"109":{"start":{"line":284,"column":8},"end":{"line":296,"column":9}},"110":{"start":{"line":286,"column":12},"end":{"line":286,"column":56}},"111":{"start":{"line":291,"column":12},"end":{"line":295,"column":26}},"112":{"start":{"line":292,"column":16},"end":{"line":292,"column":46}},"113":{"start":{"line":293,"column":16},"end":{"line":293,"column":33}},"114":{"start":{"line":294,"column":16},"end":{"line":294,"column":33}},"115":{"start":{"line":298,"column":8},"end":{"line":353,"column":9}},"116":{"start":{"line":302,"column":12},"end":{"line":302,"column":53}},"117":{"start":{"line":304,"column":12},"end":{"line":319,"column":13}},"118":{"start":{"line":305,"column":16},"end":{"line":305,"column":44}},"119":{"start":{"line":306,"column":16},"end":{"line":318,"column":17}},"120":{"start":{"line":307,"column":20},"end":{"line":307,"column":92}},"121":{"start":{"line":308,"column":20},"end":{"line":308,"column":78}},"122":{"start":{"line":309,"column":20},"end":{"line":309,"column":27}},"123":{"start":{"line":311,"column":20},"end":{"line":317,"column":21}},"124":{"start":{"line":312,"column":24},"end":{"line":312,"column":104}},"125":{"start":{"line":314,"column":24},"end":{"line":314,"column":146}},"126":{"start":{"line":315,"column":24},"end":{"line":315,"column":32}},"127":{"start":{"line":316,"column":24},"end":{"line":316,"column":54}},"128":{"start":{"line":321,"column":12},"end":{"line":321,"column":52}},"129":{"start":{"line":326,"column":12},"end":{"line":328,"column":13}},"130":{"start":{"line":327,"column":16},"end":{"line":327,"column":48}},"131":{"start":{"line":331,"column":12},"end":{"line":331,"column":57}},"132":{"start":{"line":332,"column":12},"end":{"line":332,"column":78}},"133":{"start":{"line":334,"column":12},"end":{"line":352,"column":13}},"134":{"start":{"line":337,"column":16},"end":{"line":337,"column":80}},"135":{"start":{"line":339,"column":16},"end":{"line":346,"column":19}},"136":{"start":{"line":340,"column":20},"end":{"line":345,"column":21}},"137":{"start":{"line":341,"column":24},"end":{"line":341,"column":38}},"138":{"start":{"line":344,"column":24},"end":{"line":344,"column":94}},"139":{"start":{"line":351,"column":16},"end":{"line":351,"column":86}},"140":{"start":{"line":355,"column":11},"end":{"line":359,"column":5}},"141":{"start":{"line":356,"column":8},"end":{"line":356,"column":81}},"142":{"start":{"line":358,"column":8},"end":{"line":358,"column":52}},"143":{"start":{"line":370,"column":0},"end":{"line":438,"column":1}},"144":{"start":{"line":371,"column":4},"end":{"line":371,"column":63}},"145":{"start":{"line":375,"column":4},"end":{"line":375,"column":35}},"146":{"start":{"line":378,"column":4},"end":{"line":395,"column":6}},"147":{"start":{"line":398,"column":4},"end":{"line":401,"column":5}},"148":{"start":{"line":399,"column":8},"end":{"line":399,"column":47}},"149":{"start":{"line":400,"column":8},"end":{"line":400,"column":45}},"150":{"start":{"line":402,"column":4},"end":{"line":406,"column":5}},"151":{"start":{"line":404,"column":8},"end":{"line":404,"column":47}},"152":{"start":{"line":405,"column":8},"end":{"line":405,"column":44}},"153":{"start":{"line":409,"column":4},"end":{"line":409,"column":30}},"154":{"start":{"line":412,"column":4},"end":{"line":414,"column":6}},"155":{"start":{"line":413,"column":8},"end":{"line":413,"column":31}},"156":{"start":{"line":415,"column":4},"end":{"line":419,"column":6}},"157":{"start":{"line":416,"column":8},"end":{"line":418,"column":9}},"158":{"start":{"line":417,"column":12},"end":{"line":417,"column":38}},"159":{"start":{"line":422,"column":4},"end":{"line":426,"column":5}},"160":{"start":{"line":423,"column":8},"end":{"line":425,"column":46}},"161":{"start":{"line":424,"column":12},"end":{"line":424,"column":86}},"162":{"start":{"line":429,"column":4},"end":{"line":432,"column":5}},"163":{"start":{"line":430,"column":8},"end":{"line":430,"column":35}},"164":{"start":{"line":431,"column":8},"end":{"line":431,"column":46}},"165":{"start":{"line":435,"column":4},"end":{"line":437,"column":5}},"166":{"start":{"line":436,"column":8},"end":{"line":436,"column":33}},"167":{"start":{"line":446,"column":0},"end":{"line":455,"column":2}},"168":{"start":{"line":447,"column":4},"end":{"line":449,"column":5}},"169":{"start":{"line":448,"column":8},"end":{"line":448,"column":47}},"170":{"start":{"line":450,"column":4},"end":{"line":454,"column":5}},"171":{"start":{"line":451,"column":8},"end":{"line":453,"column":9}},"172":{"start":{"line":452,"column":12},"end":{"line":452,"column":32}},"173":{"start":{"line":465,"column":0},"end":{"line":471,"column":2}},"174":{"start":{"line":466,"column":4},"end":{"line":470,"column":5}},"175":{"start":{"line":467,"column":8},"end":{"line":467,"column":15}},"176":{"start":{"line":468,"column":11},"end":{"line":470,"column":5}},"177":{"start":{"line":469,"column":8},"end":{"line":469,"column":42}}},"branchMap":{"1":{"line":26,"type":"binary-expr","locations":[{"start":{"line":26,"column":14},"end":{"line":26,"column":28}},{"start":{"line":26,"column":32},"end":{"line":26,"column":55}}]},"2":{"line":27,"type":"binary-expr","locations":[{"start":{"line":27,"column":15},"end":{"line":27,"column":30}},{"start":{"line":27,"column":34},"end":{"line":27,"column":57}}]},"3":{"line":29,"type":"binary-expr","locations":[{"start":{"line":29,"column":19},"end":{"line":29,"column":26}},{"start":{"line":29,"column":30},"end":{"line":29,"column":32}}]},"4":{"line":55,"type":"if","locations":[{"start":{"line":55,"column":4},"end":{"line":55,"column":4}},{"start":{"line":55,"column":4},"end":{"line":55,"column":4}}]},"5":{"line":60,"type":"binary-expr","locations":[{"start":{"line":60,"column":14},"end":{"line":60,"column":21}},{"start":{"line":60,"column":25},"end":{"line":60,"column":27}}]},"6":{"line":65,"type":"binary-expr","locations":[{"start":{"line":65,"column":15},"end":{"line":65,"column":23}},{"start":{"line":65,"column":27},"end":{"line":70,"column":5}}]},"7":{"line":66,"type":"if","locations":[{"start":{"line":66,"column":8},"end":{"line":66,"column":8}},{"start":{"line":66,"column":8},"end":{"line":66,"column":8}}]},"8":{"line":76,"type":"if","locations":[{"start":{"line":76,"column":8},"end":{"line":76,"column":8}},{"start":{"line":76,"column":8},"end":{"line":76,"column":8}}]},"9":{"line":76,"type":"binary-expr","locations":[{"start":{"line":76,"column":12},"end":{"line":76,"column":20}},{"start":{"line":76,"column":24},"end":{"line":76,"column":38}}]},"10":{"line":79,"type":"if","locations":[{"start":{"line":79,"column":16},"end":{"line":79,"column":16}},{"start":{"line":79,"column":16},"end":{"line":79,"column":16}}]},"11":{"line":79,"type":"binary-expr","locations":[{"start":{"line":79,"column":20},"end":{"line":79,"column":40}},{"start":{"line":79,"column":44},"end":{"line":79,"column":67}}]},"12":{"line":100,"type":"if","locations":[{"start":{"line":100,"column":12},"end":{"line":100,"column":12}},{"start":{"line":100,"column":12},"end":{"line":100,"column":12}}]},"13":{"line":109,"type":"if","locations":[{"start":{"line":109,"column":8},"end":{"line":109,"column":8}},{"start":{"line":109,"column":8},"end":{"line":109,"column":8}}]},"14":{"line":142,"type":"if","locations":[{"start":{"line":142,"column":4},"end":{"line":142,"column":4}},{"start":{"line":142,"column":4},"end":{"line":142,"column":4}}]},"15":{"line":144,"type":"if","locations":[{"start":{"line":144,"column":8},"end":{"line":144,"column":8}},{"start":{"line":144,"column":8},"end":{"line":144,"column":8}}]},"16":{"line":159,"type":"if","locations":[{"start":{"line":159,"column":8},"end":{"line":159,"column":8}},{"start":{"line":159,"column":8},"end":{"line":159,"column":8}}]},"17":{"line":159,"type":"binary-expr","locations":[{"start":{"line":159,"column":13},"end":{"line":159,"column":21}},{"start":{"line":159,"column":25},"end":{"line":159,"column":32}},{"start":{"line":159,"column":37},"end":{"line":159,"column":50}}]},"18":{"line":165,"type":"if","locations":[{"start":{"line":165,"column":8},"end":{"line":165,"column":8}},{"start":{"line":165,"column":8},"end":{"line":165,"column":8}}]},"19":{"line":184,"type":"if","locations":[{"start":{"line":184,"column":12},"end":{"line":184,"column":12}},{"start":{"line":184,"column":12},"end":{"line":184,"column":12}}]},"20":{"line":207,"type":"if","locations":[{"start":{"line":207,"column":4},"end":{"line":207,"column":4}},{"start":{"line":207,"column":4},"end":{"line":207,"column":4}}]},"21":{"line":207,"type":"binary-expr","locations":[{"start":{"line":207,"column":8},"end":{"line":207,"column":22}},{"start":{"line":207,"column":26},"end":{"line":207,"column":62}}]},"22":{"line":217,"type":"if","locations":[{"start":{"line":217,"column":4},"end":{"line":217,"column":4}},{"start":{"line":217,"column":4},"end":{"line":217,"column":4}}]},"23":{"line":222,"type":"if","locations":[{"start":{"line":222,"column":4},"end":{"line":222,"column":4}},{"start":{"line":222,"column":4},"end":{"line":222,"column":4}}]},"24":{"line":222,"type":"binary-expr","locations":[{"start":{"line":222,"column":8},"end":{"line":222,"column":35}},{"start":{"line":222,"column":39},"end":{"line":222,"column":72}}]},"25":{"line":224,"type":"if","locations":[{"start":{"line":224,"column":8},"end":{"line":224,"column":8}},{"start":{"line":224,"column":8},"end":{"line":224,"column":8}}]},"26":{"line":224,"type":"binary-expr","locations":[{"start":{"line":224,"column":12},"end":{"line":224,"column":24}},{"start":{"line":224,"column":28},"end":{"line":224,"column":51}}]},"27":{"line":226,"type":"if","locations":[{"start":{"line":226,"column":12},"end":{"line":226,"column":12}},{"start":{"line":226,"column":12},"end":{"line":226,"column":12}}]},"28":{"line":243,"type":"if","locations":[{"start":{"line":243,"column":4},"end":{"line":243,"column":4}},{"start":{"line":243,"column":4},"end":{"line":243,"column":4}}]},"29":{"line":243,"type":"binary-expr","locations":[{"start":{"line":243,"column":8},"end":{"line":243,"column":22}},{"start":{"line":243,"column":27},"end":{"line":243,"column":49}},{"start":{"line":243,"column":53},"end":{"line":243,"column":75}}]},"30":{"line":244,"type":"binary-expr","locations":[{"start":{"line":244,"column":33},"end":{"line":244,"column":55}},{"start":{"line":244,"column":59},"end":{"line":244,"column":61}}]},"31":{"line":244,"type":"binary-expr","locations":[{"start":{"line":244,"column":63},"end":{"line":244,"column":85}},{"start":{"line":244,"column":89},"end":{"line":244,"column":91}}]},"32":{"line":266,"type":"if","locations":[{"start":{"line":266,"column":4},"end":{"line":266,"column":4}},{"start":{"line":266,"column":4},"end":{"line":266,"column":4}}]},"33":{"line":273,"type":"if","locations":[{"start":{"line":273,"column":11},"end":{"line":273,"column":11}},{"start":{"line":273,"column":11},"end":{"line":273,"column":11}}]},"34":{"line":277,"type":"if","locations":[{"start":{"line":277,"column":8},"end":{"line":277,"column":8}},{"start":{"line":277,"column":8},"end":{"line":277,"column":8}}]},"35":{"line":284,"type":"if","locations":[{"start":{"line":284,"column":8},"end":{"line":284,"column":8}},{"start":{"line":284,"column":8},"end":{"line":284,"column":8}}]},"36":{"line":286,"type":"cond-expr","locations":[{"start":{"line":286,"column":44},"end":{"line":286,"column":48}},{"start":{"line":286,"column":51},"end":{"line":286,"column":56}}]},"37":{"line":298,"type":"if","locations":[{"start":{"line":298,"column":8},"end":{"line":298,"column":8}},{"start":{"line":298,"column":8},"end":{"line":298,"column":8}}]},"38":{"line":311,"type":"if","locations":[{"start":{"line":311,"column":20},"end":{"line":311,"column":20}},{"start":{"line":311,"column":20},"end":{"line":311,"column":20}}]},"39":{"line":326,"type":"if","locations":[{"start":{"line":326,"column":12},"end":{"line":326,"column":12}},{"start":{"line":326,"column":12},"end":{"line":326,"column":12}}]},"40":{"line":334,"type":"if","locations":[{"start":{"line":334,"column":12},"end":{"line":334,"column":12}},{"start":{"line":334,"column":12},"end":{"line":334,"column":12}}]},"41":{"line":339,"type":"binary-expr","locations":[{"start":{"line":339,"column":30},"end":{"line":339,"column":46}},{"start":{"line":339,"column":50},"end":{"line":339,"column":58}}]},"42":{"line":340,"type":"if","locations":[{"start":{"line":340,"column":20},"end":{"line":340,"column":20}},{"start":{"line":340,"column":20},"end":{"line":340,"column":20}}]},"43":{"line":355,"type":"if","locations":[{"start":{"line":355,"column":11},"end":{"line":355,"column":11}},{"start":{"line":355,"column":11},"end":{"line":355,"column":11}}]},"44":{"line":371,"type":"binary-expr","locations":[{"start":{"line":371,"column":34},"end":{"line":371,"column":44}},{"start":{"line":371,"column":48},"end":{"line":371,"column":62}}]},"45":{"line":398,"type":"if","locations":[{"start":{"line":398,"column":4},"end":{"line":398,"column":4}},{"start":{"line":398,"column":4},"end":{"line":398,"column":4}}]},"46":{"line":402,"type":"if","locations":[{"start":{"line":402,"column":4},"end":{"line":402,"column":4}},{"start":{"line":402,"column":4},"end":{"line":
[...]
hat 404\\n       $ cat urls.txt | node.io -s statuscode 404\\n\\n   3. To find domains that redirect\\n       $ cat urls.txt | node.io -s statuscode 3';","  nodeio = require('node.io');","  StatusCode = (function() {","    __extends(StatusCode, nodeio.JobClass);","    function StatusCode() {","      StatusCode.__super__.constructor.apply(this, arguments);","    }","    StatusCode.prototype.init = function() {","      if (this.options.args.length && this.options.args[0] === 'help') {","        this.status(usage);","        return this.exit;","      }","    };","    StatusCode.prototype.run = function(url) {","      return this.head(url, __bind(function(err, data, headers, res) {","        var status;","        status = res != null ? res.statusCode : '-1';","        if (err) {","          if (err.length === 3) {","            status = err;","          }","          if (err === 'redirects') {","            status = 302;","          }","        }","        if (this.options.args.length && this.options.args[0].length === 3) {","          if (this.options.args[0] === '' + status) {","            return this.emit(url);","          } else {","            return this.skip();","          }","        } else if (this.options.args.length && this.options.args[0].length === 1) {","          if (this.options.args[0] === ('' + status)[0]) {","            return this.emit(url);","          } else {","            return this.skip();","          }","        } else {","          return this.emit(url + ',' + status);","        }","      }, this));","    };","    return StatusCode;","  })();","  this[\"class\"] = StatusCode;","  this.job = new StatusCode({","    timeout: 10,","    redirects: 0","  });","}).call(this);",""],"l":{"1":1,"2":1,"3":1,"4":1,"5":1,"6":1,"7":1,"8":1,"9":1,"10":0,"11":1,"12":1,"13":1,"14":1,"15":1,"16":1,"18":1,"19":0,"20":0,"21":0,"24":1,"25":0,"26":0,"27":0,"28":0,"29":0,"30":0,"32":0,"33":0,"36":0,"37":0,"38":0,"40":0,"42":0,"43":0,"44":0,"46":0,"49":0,"53":1,"55":1,"56":1}},"/home/travis/build/npmtest/node-npmtest-node.io/node_modules/node.io/builtin/validate.js":{"path":"/home/travis/build/npmtest/node-npmtest-node.io/node_modules/node.io/builtin/validate.js","s":{"1":1,"2":1,"3":1,"4":1,"5":1,"6":1,"7":1,"8":1,"9":1,"10":1,"11":1,"12":1,"13":1,"14":1,"15":1,"16":1,"17":1,"18":1,"19":1,"20":0,"21":0,"22":0,"23":1,"24":0,"25":0,"26":0,"27":0,"28":0,"29":0,"30":0,"31":0,"32":0,"33":0,"34":0,"35":0,"36":0,"37":0,"38":0,"39":0,"40":0,"41":0,"42":0,"43":0,"44":0,"45":0,"46":0,"47":0,"48":0,"49":1,"50":1},"b":{"1":[1,0],"2":[0,0],"3":[0,0],"4":[0,0],"5":[0,0,0,0,0,0,0],"6":[0,0],"7":[0,0]},"f":{"1":1,"2":1,"3":1,"4":1,"5":1,"6":0,"7":0},"fnMap":{"1":{"name":"(anonymous_1)","line":1,"loc":{"start":{"line":1,"column":1},"end":{"line":1,"column":12}}},"2":{"name":"(anonymous_2)","line":3,"loc":{"start":{"line":3,"column":63},"end":{"line":3,"column":87}}},"3":{"name":"ctor","line":5,"loc":{"start":{"line":5,"column":4},"end":{"line":5,"column":20}}},"4":{"name":"(anonymous_4)","line":13,"loc":{"start":{"line":13,"column":14},"end":{"line":13,"column":25}}},"5":{"name":"Validate","line":15,"loc":{"start":{"line":15,"column":4},"end":{"line":15,"column":24}}},"6":{"name":"(anonymous_6)","line":18,"loc":{"start":{"line":18,"column":30},"end":{"line":18,"column":41}}},"7":{"name":"(anonymous_7)","line":24,"loc":{"start":{"line":24,"column":29},"end":{"line":24,"column":44}}}},"statementMap":{"1":{"start":{"line":1,"column":0},"end":{"line":68,"column":14}},"2":{"start":{"line":2,"column":2},"end":{"line":2,"column":30}},"3":{"start":{"line":3,"column":2},"end":{"line":10,"column":4}},"4":{"start":{"line":4,"column":4},"end":{"line":4,"column":90}},"5":{"start":{"line":4,"column":30},"end":{"line":4,"column":88}},"6":{"start":{"line":4,"column":63},"end":{"line":4,"column":88}},"7":{"start":{"line":5,"column":4},"end":{"line":5,"column":49}},"8":{"start":{"line":5,"column":22},"end":{"line":5,"column":47}},"9":{"start":{"line":6,"column":4},"end":{"line":6,"column":38}},"10":{"start":{"line":7,"column":4},"end":{"line":7,"column":31}},"11":{"start":{"line":8,"column":4},"end":{"line":8,"column":39}},"12":{"start":{"line":9,"column":4},"end":{"line":9,"column":17}},"13":{"start":{"line":11,"column":2},"end":{"line":11,"column":333}},"14":{"start":{"line":12,"column":2},"end":{"line":12,"column":30}},"15":{"start":{"line":13,"column":2},"end":{"line":66,"column":7}},"16":{"start":{"line":14,"column":4},"end":{"line":14,"column":41}},"17":{"start":{"line":15,"column":4},"end":{"line":17,"column":5}},"18":{"start":{"line":16,"column":6},"end":{"line":16,"column":60}},"19":{"start":{"line":18,"column":4},"end":{"line":23,"column":6}},"20":{"start":{"line":19,"column":6},"end":{"line":22,"column":7}},"21":{"start":{"line":20,"column":8},"end":{"line":20,"column":27}},"22":{"start":{"line":21,"column":8},"end":{"line":21,"column":27}},"23":{"start":{"line":24,"column":4},"end":{"line":64,"column":6}},"24":{"start":{"line":25,"column":6},"end":{"line":25,"column":25}},"25":{"start":{"line":26,"column":6},"end":{"line":26,"column":46}},"26":{"start":{"line":27,"column":6},"end":{"line":27,"column":68}},"27":{"start":{"line":28,"column":6},"end":{"line":63,"column":7}},"28":{"start":{"line":29,"column":8},"end":{"line":51,"column":9}},"29":{"start":{"line":31,"column":12},"end":{"line":31,"column":38}},"30":{"start":{"line":32,"column":12},"end":{"line":32,"column":18}},"31":{"start":{"line":34,"column":12},"end":{"line":34,"column":40}},"32":{"start":{"line":35,"column":12},"end":{"line":35,"column":18}},"33":{"start":{"line":37,"column":12},"end":{"line":37,"column":38}},"34":{"start":{"line":38,"column":12},"end":{"line":38,"column":18}},"35":{"start":{"line":40,"column":12},"end":{"line":40,"column":37}},"36":{"start":{"line":41,"column":12},"end":{"line":41,"column":18}},"37":{"start":{"line":43,"column":12},"end":{"line":43,"column":40}},"38":{"start":{"line":44,"column":12},"end":{"line":44,"column":18}},"39":{"start":{"line":46,"column":12},"end":{"line":46,"column":47}},"40":{"start":{"line":47,"column":12},"end":{"line":47,"column":18}},"41":{"start":{"line":49,"column":12},"end":{"line":49,"column":31}},"42":{"start":{"line":50,"column":12},"end":{"line":50,"column":24}},"43":{"start":{"line":52,"column":8},"end":{"line":56,"column":9}},"44":{"start":{"line":53,"column":10},"end":{"line":53,"column":29}},"45":{"start":{"line":55,"column":10},"end":{"line":55,"column":33}},"46":{"start":{"line":58,"column":8},"end":{"line":62,"column":9}},"47":{"start":{"line":59,"column":10},"end":{"line":59,"column":33}},"48":{"start":{"line":61,"column":10},"end":{"line":61,"column":29}},"49":{"start":{"line":65,"column":4},"end":{"line":65,"column":20}},"50":{"start":{"line":67,"column":2},"end":{"line":67,"column":28}}},"branchMap":{"1":{"line":4,"type":"if","locations":[{"start":{"line":4,"column":30},"end":{"line":4,"column":30}},{"start":{"line":4,"column":30},"end":{"line":4,"column":30}}]},"2":{"line":19,"type":"if","locations":[{"start":{"line":19,"column":6},"end":{"line":19,"column":6}},{"start":{"line":19,"column":6},"end":{"line":19,"column":6}}]},"3":{"line":19,"type":"binary-expr","locations":[{"start":{"line":19,"column":10},"end":{"line":19,"column":40}},{"start":{"line":19,"column":44},"end":{"line":19,"column":75}}]},"4":{"line":27,"type":"cond-expr","locations":[{"start":{"line":27,"column":24},"end":{"line":27,"column":44}},{"start":{"line":27,"column":47},"end":{"line":27,"column":67}}]},"5":{"line":29,"type":"switch","locations":[{"start":{"line":30,"column":10},"end":{"line":32,"column":18}},{"start":{"line":33,"column":10},"end":{"line":35,"column":18}},{"start":{"line":36,"column":10},"end":{"line":38,"column":18}},{"start":{"line":39,"column":10},"end":{"line":41,"column":18}},{"start":{"line":42,"column":10},"end":{"line":44,"column":18}},{"start":{"line":45,"column":10},"end":{"line":47,"column":18}},{"start":{"line":48,"column":10},"end":{"line":50,"column":24}}]},"6":{"line":52,"type":"if","locations":[{"start":{"line":52,"column":8},"end":{"line":52,"column":8}},{"start":{"line":52,"column":8},"end":{"line":52,"column":8}}]},"7":{"line":58,"type":"if","locations":[{"start":{"line":58,"column":8},"end":{"line":58,"column":8}},{"start":{"line":58,"column":8},"end":{"line":58,"column":8}}]}},"code":["(function() {","  var Validate, nodeio, usage;","  var __hasProp = Object.prototype.hasOwnProperty, __extends = function(child, parent) {","    for (var key in parent) { if (__hasProp.call(parent, key)) child[key] = parent[key]; }","    function ctor() { this.constructor = child; }","    ctor.prototype = parent.prototype;","    child.prototype = new ctor;","    child.__super__ = parent.prototype;","    return child;","  };","  usage = 'This module is a simple wrapper for node-validator\\nAvailable filters are: int, url, ip, alpha, alphanumeric, email\\n\\n   1. To filter out lines that do not match a filter:\\n       $ node.io validate [FILTER] < list.txt\\n\\n   2. To filter out lines that match a filter:\\n       $ node.io validate not [FILTER] < list.txt';","  nodeio = require('node.io');","  Validate = (function() {","    __extends(Validate, nodeio.JobClass);","    function Validate() {","      Validate.__super__.constructor.apply(this, arguments);","    }","    Validate.prototype.init = function() {","      if (this.options.args.length === 0 || this.options.args[0] === 'help') {","        this.status(usage);","        return this.exit();","      }","    };","    Validate.prototype.run = function(line) {","      var filter, invert;","      invert = this.options.args[0] === 'not';","      filter = invert ? this.options.args[1] : this.options.args[0];","      try {","        switch (filter) {","          case 'url':","            this.assert(line).isUrl();","            break;","          case 'email':","            this.assert(line).isEmail();","            break;","          case 'int':","            this.assert(line).isInt();","            break;","          case 'ip':","            this.assert(line).isIp();","            break;","          case 'alpha':","            this.assert(line).isAlpha();","            break;","          case 'alphanumeric':","            this.assert(line).isAlphanumeric();","            break;","          default:","            this.status(usage);","            this.exit();","        }","        if (invert) {","          return this.skip();","        } else {","          return this.emit(line);","        }","      } catch (error) {","        if (invert) {","          return this.emit(line);","        } else {","          return this.skip();","        }","      }","    };","    return Validate;","  })();","  this.job = new Validate();","}).call(this);",""],"l":{"1":1,"2":1,"3":1,"4":1,"5":1,"6":1,"7":1,"8":1,"9":1,"11":1,"12":1,"13":1,"14":1,"15":1,"16":1,"18":1,"19":0,"20":0,"21":0,"24":1,"25":0,"26":0,"27":0,"28":0,"29":0,"31":0,"32":0,"34":0,"35":0,"37":0,"38":0,"40":0,"41":0,"43":0,"44":0,"46":0,"47":0,"49":0,"50":0,"52":0,"53":0,"55":0,"58":0,"59":0,"61":0,"65":1,"67":1}},"/home/travis/build/npmtest/node-npmtest-node.io/node_modules/node.io/builtin/word_count.js":{"path":"/home/travis/build/npmtest/node-npmtest-node.io/node_modules/node.io/builtin/word_count.js","s":{"1":1,"2":1,"3":1,"4":2,"5":2,"6":2,"7":1,"8":2,"9":2,"10":2,"11":2,"12":2,"13":1,"14":1,"15":1,"16":1,"17":1,"18":1,"19":1,"20":1,"21":1,"22":0,"23":0,"24":0,"25":0,"26":0,"27":0,"28":0,"29":0,"30":0,"31":1,"32":0,"33":0,"34":0,"35":0,"36":0,"37":0,"38":0,"39":1,"40":0,"41":0,"42":0,"43":0,"44":0,"45":0,"46":0,"47":1,"48":1,"49":1,"50":1,"51":1,"52":1,"53":0,"54":0,"55":1,"56":1},"b":{"1":[2,0],"2":[0,0]},"f":{"1":1,"2":2,"3":2,"4":1,"5":1,"6":0,"7":0,"8":0,"9":1,"10":1,"11":0},"fnMap":{"1":{"name":"(anonymous_1)","line":1,"loc":{"start":{"line":1,"column":1},"end":{"line":1,"column":12}}},"2":{"name":"(anonymous_2)","line":3,"loc":{"start":{"line":3,"column":63},"end":{"line":3,"column":87}}},"3":{"name":"ctor","line":5,"loc":{"start":{"line":5,"column":4},"end":{"line":5,"column":20}}},"4":{"name":"(anonymous_4)","line":18,"loc":{"start":{"line":18,"column":15},"end":{"line":18,"column":26}}},"5":{"name":"WordCount","line":20,"loc":{"start":{"line":20,"column":4},"end":{"line":20,"column":25}}},"6":{"name":"(anonymous_6)","line":23,"loc":{"start":{"line":23,"column":30},"end":{"line":23,"column":46}}},"7":{"name":"(anonymous_7)","line":36,"loc":{"start":{"line":36,"column":33},"end":{"line":36,"column":49}}},"8":{"name":"(anonymous_8)","line":48,"loc":{"start":{"line":48,"column":35},"end":{"line":48,"column":46}}},"9":{"name":"(anonymous_9)","line":60,"loc":{"start":{"line":60,"column":18},"end":{"line":60,"column":29}}},"10":{"name":"UsageDetails","line":62,"loc":{"start":{"line":62,"column":4},"end":{"line":62,"column":28}}},"11":{"name":"(anonymous_11)","line":65,"loc":{"start":{"line":65,"column":35},"end":{"line":65,"column":46}}}},"statementMap":{"1":{"start":{"line":1,"column":0},"end":{"line":75,"column":14}},"2":{"start":{"line":2,"column":2},"end":{"line":2,"column":66}},"3":{"start":{"line":3,"column":2},"end":{"line":10,"column":4}},"4":{"start":{"line":4,"column":4},"end":{"line":4,"column":90}},"5":{"start":{"line":4,"column":30},"end":{"line":4,"column":88}},"6":{"start":{"line":4,"column":63},"end":{"line":4,"column":88}},"7":{"start":{"line":5,"column":4},"end":{"line":5,"column":49}},"8":{"start":{"line":5,"column":22},"end":{"line":5,"column":47}},"9":{"start":{"line":6,"column":4},"end":{"line":6,"column":38}},"10":{"start":{"line":7,"column":4},"end":{"line":7,"column":31}},"11":{"start":{"line":8,"column":4},"end":{"line":8,"column":39}},"12":{"start":{"line":9,"column":4},"end":{"line":9,"column":17}},"13":{"start":{"line":11,"column":2},"end":{"line":11,"column":149}},"14":{"start":{"line":12,"column":2},"end":{"line":12,"column":30}},"15":{"start":{"line":13,"column":2},"end":{"line":16,"column":4}},"16":{"start":{"line":17,"column":2},"end":{"line":17,"column":18}},"17":{"start":{"line":18,"column":2},"end":{"line":59,"column":7}},"18":{"start":{"line":19,"column":4},"end":{"line":19,"column":42}},"19":{"start":{"line":20,"column":4},"end":{"line":22,"column":5}},"20":{"start":{"line":21,"column":6},"end":{"line":21,"column":61}},"21":{"start":{"line":23,"column":4},"end":{"line":35,"column":6}},"22":{"start":{"line":24,"column":6},"end":{"line":24,"column":49}},"23":{"start":{"line":25,"column":6},"end":{"line":25,"column":17}},"24":{"start":{"line":26,"column":6},"end":{"line":33,"column":7}},"25":{"start":{"line":27,"column":8},"end":{"line":27,"column":25}},"26":{"start":{"line":28,"column":8},"end":{"line":28,"column":74}},"27":{"start":{"line":29,"column":8},"end":{"line":32,"column":9}},"28":{"start":{"line":30,"column":10},"end":{"line":30,"column":26}},"29":{"start":{"line":31,"column":10},"end":{"line":31,"column":27}},"30":{"start":{"line":34,"column":6},"end":{"line":34,"column":30}},"31":{"start":{"line":36,"column":4},"end":{"line":47,"column":6}},"32":{"start":{"line":37,"column":6},"end":{"line":37,"column":25}},"33":{"start":{"line":38,"column":6},"end":{"line":45,"column":7}},"34":{"start":{"line":39,"column":8},"end":{"line":39,"column":25}},"35":{"start":{"line":40,"column":8},"end":{"line":44,"column":9}},"36":{"start":{"line":41,"column":10},"end":{"line":41,"column":29}},"37":{"start":{"line":43,"column":10},"end":{"line":43,"column":31}},"38":{"start":{"line":46,"column":6},"end":{"line":46,"column":18}},"39":{"start":{"line":48,"column":4},"end":{"line":57,"column":6}},"40":{"start":{"line":49,"column":6},"end":{"line":49,"column":30}},"41":{"start":{"line":50,"column":6},"end":{"line":50,"column":18}},"42":{"start":{"line":51,"column":6},"end":{"line":54,"column":7}},"43":{"start":{"line":52,"column":8},"end":{"line":52,"column":33}},"44":{"start":{"line":53,"column":8},"end":{"line":53,"column":40}},"45":{"start":{"line":55,"column":6},"end":{"line":55,"column":26}},"46":{"start":{"line":56,"column":6},"end":{"line":56,"column":18}},"47":{"start":{"line":58,"column":4},"end":{"line":58,"column":21}},"48":{"start":{"line":60,"column":2},"end":{"line":70,"column":7}},"49":{"start":{"line":61,"column":4},"end":{"line":61,"column":45}},"50":{"start":{"line":62,"column":4},"end":{"line":64,"column":5}},"51":{"start":{"line":63,"column":6},"end":{"line":63,"column":64}},"52":{"start":{"line":65,"column":4},"end":{"line":68,"column":6}},"53":{"start":{"line":66,"column":6},"end":{"line":66,"column":25}},"54":{"start":{"line":67,"column":6},"end":{"line":67,"column":25}},"55":{"start":{"line":69,"column":4},"end":{"line":69,"column":24}},"56":{"start":{"line":71,"column":2},"end":{"line":74,"column":4}}},"branchMap":{"1":{"line":4,"type":"if","locations":[{"start":{"line":4,"column":30},"end":{"line":4,"column":30}},{"start":{"line":4,"column":30},"end":{"line":4,"column":30}}]},"2":{"line":40,"type":"if","locations":[{"start":{"line":40,"column":8},"end":{"line":40,"column":8}},{"start":{"line":40,"column":8},"end":{"line":40,"column":8}}]}},"code":["(function() {","  var UsageDetails, WordCount, nodeio, options, usage, word_count;","  var __hasProp = Object.prototype.hasOwnProperty, __extends = function(child, parent) {","    for (var key in parent) { if (__hasProp.call(parent, key)) child[key] = parent[key]; }","    function ctor() { this.constructor = child; }","    ctor.prototype = parent.prototype;","    child.prototype = new ctor;","    child.__super__ = parent.prototype;","    return child;","  };","  usage = 'This module uses map/reduce to count word occurrences\\n\\n    1. To count the words from a file\\n        $ node.io word_count < input.txt';","  nodeio = require('node.io');","  options = {","    max: 10,","    take: 10","  };","  word_count = {};","  WordCount = (function() {","    __extends(WordCount, nodeio.JobClass);","    function WordCount() {","      WordCount.__super__.constructor.apply(this, arguments);","    }","    WordCount.prototype.run = function(lines) {","      var line, word, words, _i, _j, _len, _len2;","      words = [];","      for (_i = 0, _len = lines.length; _i < _len; _i++) {","        line = lines[_i];","        line = line.toLowerCase().replace(/[^a-z0-9\\s]+/g, '').split(' ');","        for (_j = 0, _len2 = line.length; _j < _len2; _j++) {","          word = line[_j];","          words.push(word);","        }","      }","      return this.emit(words);","    };","    WordCount.prototype.reduce = function(words) {","      var word, _i, _len;","      for (_i = 0, _len = words.length; _i < _len; _i++) {","        word = words[_i];","        if (word_count[word] != null) {","          word_count[word]++;","        } else {","          word_count[word] = 1;","        }","      }","      return null;","    };","    WordCount.prototype.complete = function() {","      var count, output, word;","      output = [];","      for (word in word_count) {","        count = word_count[word];","        output.push(count + ' ' + word);","      }","      this.output(output);","      return true;","    };","    return WordCount;","  })();","  UsageDetails = (function() {","    __extends(UsageDetails, nodeio.JobClass);","    function UsageDetails() {","      UsageDetails.__super__.constructor.apply(this, arguments);","    }","    UsageDetails.prototype.input = function() {","      this.status(usage);","      return this.exit();","    };","    return UsageDetails;","  })();","  this.job = {","    count: new WordCount(options),","    help: new UsageDetails()","  };","}).call(this);",""],"l":{"1":1,"2":1,"3":1,"4":2,"5":2,"6":2,"7":2,"8":2,"9":2,"11":1,"12":1,"13":1,"17":1,"18":1,"19":1,"20":1,"21":1,"23":1,"24":0,"25":0,"26":0,"27":0,"28":0,"29":0,"30":0,"31":0,"34":0,"36":1,"37":0,"38":0,"39":0,"40":0,"41":0,"43":0,"46":0,"48":1,"49":0,"50":0,"51":0,"52":0,"53":0,"55":0,"56":0,"58":1,"60":1,"61":1,"62":1,"63":1,"65":1,"66":0,"67":0,"69":1,"71":1}}}